{"C:\\Users\\rodri\\.gemini\\antigravity\\scratch\\fincontrol-app\\src\\lib\\financial-engine.ts": {"path":"C:\\Users\\rodri\\.gemini\\antigravity\\scratch\\fincontrol-app\\src\\lib\\financial-engine.ts","statementMap":{"0":{"start":{"line":32,"column":2},"end":{"line":32,"column":null}},"1":{"start":{"line":43,"column":2},"end":{"line":43,"column":null}},"2":{"start":{"line":43,"column":19},"end":{"line":43,"column":null}},"3":{"start":{"line":44,"column":2},"end":{"line":54,"column":null}},"4":{"start":{"line":45,"column":4},"end":{"line":47,"column":null}},"5":{"start":{"line":46,"column":6},"end":{"line":46,"column":null}},"6":{"start":{"line":48,"column":4},"end":{"line":53,"column":null}},"7":{"start":{"line":49,"column":18},"end":{"line":49,"column":null}},"8":{"start":{"line":49,"column":46},"end":{"line":49,"column":65}},"9":{"start":{"line":50,"column":6},"end":{"line":52,"column":null}},"10":{"start":{"line":51,"column":8},"end":{"line":51,"column":null}},"11":{"start":{"line":55,"column":2},"end":{"line":55,"column":null}},"12":{"start":{"line":66,"column":20},"end":{"line":66,"column":null}},"13":{"start":{"line":67,"column":2},"end":{"line":69,"column":null}},"14":{"start":{"line":68,"column":4},"end":{"line":68,"column":null}},"15":{"start":{"line":72,"column":21},"end":{"line":75,"column":null}},"16":{"start":{"line":72,"column":39},"end":{"line":75,"column":4}},"17":{"start":{"line":77,"column":21},"end":{"line":77,"column":null}},"18":{"start":{"line":77,"column":51},"end":{"line":77,"column":67}},"19":{"start":{"line":80,"column":2},"end":{"line":83,"column":null}},"20":{"start":{"line":81,"column":4},"end":{"line":81,"column":null}},"21":{"start":{"line":81,"column":30},"end":{"line":81,"column":52}},"22":{"start":{"line":82,"column":4},"end":{"line":82,"column":null}},"23":{"start":{"line":87,"column":25},"end":{"line":87,"column":null}},"24":{"start":{"line":90,"column":25},"end":{"line":95,"column":null}},"25":{"start":{"line":91,"column":19},"end":{"line":91,"column":null}},"26":{"start":{"line":92,"column":21},"end":{"line":92,"column":null}},"27":{"start":{"line":93,"column":22},"end":{"line":93,"column":null}},"28":{"start":{"line":94,"column":4},"end":{"line":94,"column":null}},"29":{"start":{"line":97,"column":19},"end":{"line":97,"column":null}},"30":{"start":{"line":97,"column":53},"end":{"line":97,"column":71}},"31":{"start":{"line":98,"column":13},"end":{"line":98,"column":null}},"32":{"start":{"line":101,"column":17},"end":{"line":101,"column":null}},"33":{"start":{"line":101,"column":52},"end":{"line":101,"column":77}},"34":{"start":{"line":102,"column":2},"end":{"line":109,"column":null}},"35":{"start":{"line":103,"column":19},"end":{"line":103,"column":null}},"36":{"start":{"line":104,"column":4},"end":{"line":107,"column":null}},"37":{"start":{"line":105,"column":6},"end":{"line":105,"column":null}},"38":{"start":{"line":106,"column":6},"end":{"line":106,"column":null}},"39":{"start":{"line":108,"column":4},"end":{"line":108,"column":null}},"40":{"start":{"line":111,"column":2},"end":{"line":111,"column":null}},"41":{"start":{"line":118,"column":2},"end":{"line":118,"column":null}},"42":{"start":{"line":131,"column":2},"end":{"line":133,"column":null}},"43":{"start":{"line":132,"column":4},"end":{"line":132,"column":null}},"44":{"start":{"line":135,"column":16},"end":{"line":135,"column":null}},"45":{"start":{"line":136,"column":2},"end":{"line":138,"column":null}},"46":{"start":{"line":137,"column":4},"end":{"line":137,"column":null}},"47":{"start":{"line":140,"column":22},"end":{"line":140,"column":null}},"48":{"start":{"line":141,"column":18},"end":{"line":141,"column":null}},"49":{"start":{"line":143,"column":15},"end":{"line":143,"column":null}},"50":{"start":{"line":144,"column":17},"end":{"line":144,"column":null}},"51":{"start":{"line":145,"column":18},"end":{"line":145,"column":null}},"52":{"start":{"line":147,"column":2},"end":{"line":153,"column":null}},"53":{"start":{"line":148,"column":4},"end":{"line":148,"column":null}},"54":{"start":{"line":149,"column":4},"end":{"line":152,"column":null}},"55":{"start":{"line":150,"column":6},"end":{"line":150,"column":null}},"56":{"start":{"line":151,"column":6},"end":{"line":151,"column":null}},"57":{"start":{"line":155,"column":19},"end":{"line":155,"column":null}},"58":{"start":{"line":156,"column":25},"end":{"line":156,"column":null}},"59":{"start":{"line":158,"column":25},"end":{"line":158,"column":null}},"60":{"start":{"line":159,"column":25},"end":{"line":159,"column":null}},"61":{"start":{"line":160,"column":22},"end":{"line":160,"column":null}},"62":{"start":{"line":162,"column":16},"end":{"line":162,"column":null}},"63":{"start":{"line":163,"column":17},"end":{"line":163,"column":null}},"64":{"start":{"line":164,"column":2},"end":{"line":170,"column":null}},"65":{"start":{"line":165,"column":4},"end":{"line":165,"column":null}},"66":{"start":{"line":166,"column":4},"end":{"line":169,"column":null}},"67":{"start":{"line":167,"column":6},"end":{"line":167,"column":null}},"68":{"start":{"line":168,"column":6},"end":{"line":168,"column":null}},"69":{"start":{"line":171,"column":21},"end":{"line":171,"column":null}},"70":{"start":{"line":172,"column":21},"end":{"line":172,"column":null}},"71":{"start":{"line":173,"column":18},"end":{"line":173,"column":null}},"72":{"start":{"line":175,"column":2},"end":{"line":175,"column":null}},"73":{"start":{"line":199,"column":2},"end":{"line":206,"column":null}},"74":{"start":{"line":205,"column":4},"end":{"line":205,"column":null}},"75":{"start":{"line":208,"column":2},"end":{"line":215,"column":null}},"76":{"start":{"line":214,"column":4},"end":{"line":214,"column":null}},"77":{"start":{"line":217,"column":2},"end":{"line":219,"column":null}},"78":{"start":{"line":218,"column":4},"end":{"line":218,"column":null}},"79":{"start":{"line":221,"column":2},"end":{"line":223,"column":null}},"80":{"start":{"line":222,"column":4},"end":{"line":222,"column":null}},"81":{"start":{"line":225,"column":16},"end":{"line":225,"column":null}},"82":{"start":{"line":226,"column":2},"end":{"line":228,"column":null}},"83":{"start":{"line":227,"column":4},"end":{"line":227,"column":null}},"84":{"start":{"line":230,"column":21},"end":{"line":230,"column":null}},"85":{"start":{"line":231,"column":20},"end":{"line":231,"column":null}},"86":{"start":{"line":232,"column":22},"end":{"line":232,"column":null}},"87":{"start":{"line":234,"column":18},"end":{"line":234,"column":null}},"88":{"start":{"line":236,"column":2},"end":{"line":304,"column":null}},"89":{"start":{"line":238,"column":22},"end":{"line":242,"column":null}},"90":{"start":{"line":243,"column":42},"end":{"line":243,"column":null}},"91":{"start":{"line":244,"column":20},"end":{"line":244,"column":null}},"92":{"start":{"line":245,"column":21},"end":{"line":245,"column":null}},"93":{"start":{"line":247,"column":24},"end":{"line":247,"column":null}},"94":{"start":{"line":248,"column":20},"end":{"line":248,"column":null}},"95":{"start":{"line":250,"column":4},"end":{"line":289,"column":null}},"96":{"start":{"line":250,"column":17},"end":{"line":250,"column":20}},"97":{"start":{"line":251,"column":21},"end":{"line":251,"column":null}},"98":{"start":{"line":254,"column":23},"end":{"line":254,"column":null}},"99":{"start":{"line":255,"column":22},"end":{"line":255,"column":null}},"100":{"start":{"line":256,"column":6},"end":{"line":259,"column":null}},"101":{"start":{"line":257,"column":8},"end":{"line":257,"column":null}},"102":{"start":{"line":258,"column":8},"end":{"line":258,"column":null}},"103":{"start":{"line":261,"column":28},"end":{"line":261,"column":null}},"104":{"start":{"line":262,"column":29},"end":{"line":262,"column":null}},"105":{"start":{"line":264,"column":29},"end":{"line":264,"column":null}},"106":{"start":{"line":265,"column":29},"end":{"line":265,"column":null}},"107":{"start":{"line":266,"column":26},"end":{"line":266,"column":null}},"108":{"start":{"line":268,"column":20},"end":{"line":268,"column":null}},"109":{"start":{"line":269,"column":21},"end":{"line":269,"column":null}},"110":{"start":{"line":270,"column":6},"end":{"line":276,"column":null}},"111":{"start":{"line":271,"column":8},"end":{"line":271,"column":null}},"112":{"start":{"line":272,"column":8},"end":{"line":275,"column":null}},"113":{"start":{"line":273,"column":10},"end":{"line":273,"column":null}},"114":{"start":{"line":274,"column":10},"end":{"line":274,"column":null}},"115":{"start":{"line":277,"column":25},"end":{"line":277,"column":null}},"116":{"start":{"line":278,"column":25},"end":{"line":278,"column":null}},"117":{"start":{"line":279,"column":22},"end":{"line":279,"column":null}},"118":{"start":{"line":281,"column":6},"end":{"line":288,"column":null}},"119":{"start":{"line":292,"column":4},"end":{"line":303,"column":null}},"120":{"start":{"line":292,"column":17},"end":{"line":292,"column":20}},"121":{"start":{"line":293,"column":27},"end":{"line":293,"column":null}},"122":{"start":{"line":294,"column":30},"end":{"line":294,"column":null}},"123":{"start":{"line":295,"column":21},"end":{"line":295,"column":null}},"124":{"start":{"line":297,"column":6},"end":{"line":302,"column":null}},"125":{"start":{"line":306,"column":2},"end":{"line":306,"column":null}},"126":{"start":{"line":314,"column":2},"end":{"line":316,"column":null}},"127":{"start":{"line":315,"column":4},"end":{"line":315,"column":null}},"128":{"start":{"line":318,"column":20},"end":{"line":318,"column":null}},"129":{"start":{"line":319,"column":2},"end":{"line":321,"column":null}},"130":{"start":{"line":320,"column":4},"end":{"line":320,"column":null}},"131":{"start":{"line":323,"column":21},"end":{"line":323,"column":null}},"132":{"start":{"line":324,"column":20},"end":{"line":324,"column":null}},"133":{"start":{"line":325,"column":21},"end":{"line":325,"column":null}},"134":{"start":{"line":326,"column":20},"end":{"line":326,"column":null}},"135":{"start":{"line":328,"column":19},"end":{"line":328,"column":null}},"136":{"start":{"line":329,"column":6},"end":{"line":329,"column":null}},"137":{"start":{"line":331,"column":18},"end":{"line":331,"column":null}},"138":{"start":{"line":332,"column":18},"end":{"line":332,"column":null}},"139":{"start":{"line":334,"column":2},"end":{"line":334,"column":null}},"140":{"start":{"line":346,"column":2},"end":{"line":346,"column":null}},"141":{"start":{"line":346,"column":19},"end":{"line":346,"column":null}},"142":{"start":{"line":348,"column":25},"end":{"line":348,"column":null}},"143":{"start":{"line":349,"column":24},"end":{"line":349,"column":null}},"144":{"start":{"line":351,"column":2},"end":{"line":351,"column":null}},"145":{"start":{"line":351,"column":38},"end":{"line":351,"column":null}},"146":{"start":{"line":353,"column":20},"end":{"line":353,"column":null}},"147":{"start":{"line":354,"column":20},"end":{"line":354,"column":null}},"148":{"start":{"line":355,"column":21},"end":{"line":355,"column":null}},"149":{"start":{"line":356,"column":8},"end":{"line":356,"column":null}},"150":{"start":{"line":358,"column":21},"end":{"line":358,"column":null}},"151":{"start":{"line":359,"column":19},"end":{"line":359,"column":null}},"152":{"start":{"line":361,"column":2},"end":{"line":434,"column":null}},"153":{"start":{"line":363,"column":24},"end":{"line":363,"column":null}},"154":{"start":{"line":364,"column":17},"end":{"line":364,"column":null}},"155":{"start":{"line":366,"column":6},"end":{"line":368,"column":null}},"156":{"start":{"line":367,"column":8},"end":{"line":367,"column":null}},"157":{"start":{"line":370,"column":6},"end":{"line":376,"column":null}},"158":{"start":{"line":374,"column":8},"end":{"line":374,"column":null}},"159":{"start":{"line":375,"column":8},"end":{"line":375,"column":null}},"160":{"start":{"line":378,"column":6},"end":{"line":378,"column":null}},"161":{"start":{"line":387,"column":8},"end":{"line":395,"column":null}},"162":{"start":{"line":397,"column":6},"end":{"line":399,"column":null}},"163":{"start":{"line":398,"column":8},"end":{"line":398,"column":null}},"164":{"start":{"line":401,"column":32},"end":{"line":401,"column":null}},"165":{"start":{"line":402,"column":6},"end":{"line":404,"column":null}},"166":{"start":{"line":403,"column":8},"end":{"line":403,"column":null}},"167":{"start":{"line":406,"column":6},"end":{"line":406,"column":null}},"168":{"start":{"line":410,"column":6},"end":{"line":412,"column":null}},"169":{"start":{"line":411,"column":8},"end":{"line":411,"column":null}},"170":{"start":{"line":413,"column":23},"end":{"line":413,"column":null}},"171":{"start":{"line":414,"column":24},"end":{"line":414,"column":null}},"172":{"start":{"line":415,"column":17},"end":{"line":415,"column":null}},"173":{"start":{"line":417,"column":6},"end":{"line":419,"column":null}},"174":{"start":{"line":418,"column":8},"end":{"line":418,"column":null}},"175":{"start":{"line":421,"column":6},"end":{"line":427,"column":null}},"176":{"start":{"line":425,"column":8},"end":{"line":425,"column":null}},"177":{"start":{"line":426,"column":8},"end":{"line":426,"column":null}},"178":{"start":{"line":429,"column":6},"end":{"line":429,"column":null}},"179":{"start":{"line":433,"column":6},"end":{"line":433,"column":null}},"180":{"start":{"line":449,"column":38},"end":{"line":449,"column":null}},"181":{"start":{"line":451,"column":2},"end":{"line":571,"column":null}},"182":{"start":{"line":451,"column":15},"end":{"line":451,"column":18}},"183":{"start":{"line":452,"column":23},"end":{"line":452,"column":null}},"184":{"start":{"line":453,"column":23},"end":{"line":453,"column":null}},"185":{"start":{"line":454,"column":24},"end":{"line":454,"column":null}},"186":{"start":{"line":455,"column":21},"end":{"line":455,"column":null}},"187":{"start":{"line":456,"column":26},"end":{"line":456,"column":null}},"188":{"start":{"line":457,"column":23},"end":{"line":457,"column":null}},"189":{"start":{"line":459,"column":46},"end":{"line":459,"column":null}},"190":{"start":{"line":460,"column":29},"end":{"line":460,"column":null}},"191":{"start":{"line":461,"column":28},"end":{"line":461,"column":null}},"192":{"start":{"line":462,"column":26},"end":{"line":462,"column":null}},"193":{"start":{"line":463,"column":36},"end":{"line":463,"column":null}},"194":{"start":{"line":464,"column":25},"end":{"line":464,"column":null}},"195":{"start":{"line":467,"column":4},"end":{"line":483,"column":null}},"196":{"start":{"line":468,"column":6},"end":{"line":468,"column":null}},"197":{"start":{"line":468,"column":93},"end":{"line":468,"column":null}},"198":{"start":{"line":470,"column":24},"end":{"line":470,"column":null}},"199":{"start":{"line":471,"column":6},"end":{"line":482,"column":null}},"200":{"start":{"line":472,"column":26},"end":{"line":472,"column":null}},"201":{"start":{"line":473,"column":8},"end":{"line":473,"column":null}},"202":{"start":{"line":474,"column":8},"end":{"line":474,"column":null}},"203":{"start":{"line":475,"column":8},"end":{"line":481,"column":null}},"204":{"start":{"line":486,"column":4},"end":{"line":501,"column":null}},"205":{"start":{"line":487,"column":6},"end":{"line":487,"column":null}},"206":{"start":{"line":487,"column":65},"end":{"line":487,"column":null}},"207":{"start":{"line":488,"column":6},"end":{"line":500,"column":null}},"208":{"start":{"line":489,"column":26},"end":{"line":489,"column":null}},"209":{"start":{"line":490,"column":8},"end":{"line":499,"column":null}},"210":{"start":{"line":491,"column":10},"end":{"line":491,"column":null}},"211":{"start":{"line":492,"column":10},"end":{"line":492,"column":null}},"212":{"start":{"line":493,"column":10},"end":{"line":498,"column":null}},"213":{"start":{"line":504,"column":4},"end":{"line":532,"column":null}},"214":{"start":{"line":505,"column":37},"end":{"line":505,"column":null}},"215":{"start":{"line":506,"column":6},"end":{"line":506,"column":null}},"216":{"start":{"line":506,"column":38},"end":{"line":506,"column":null}},"217":{"start":{"line":508,"column":32},"end":{"line":513,"column":null}},"218":{"start":{"line":510,"column":10},"end":{"line":512,"column":null}},"219":{"start":{"line":515,"column":35},"end":{"line":515,"column":null}},"220":{"start":{"line":516,"column":6},"end":{"line":516,"column":null}},"221":{"start":{"line":516,"column":37},"end":{"line":516,"column":null}},"222":{"start":{"line":518,"column":23},"end":{"line":518,"column":null}},"223":{"start":{"line":520,"column":6},"end":{"line":531,"column":null}},"224":{"start":{"line":521,"column":8},"end":{"line":521,"column":null}},"225":{"start":{"line":522,"column":8},"end":{"line":528,"column":null}},"226":{"start":{"line":530,"column":8},"end":{"line":530,"column":null}},"227":{"start":{"line":535,"column":4},"end":{"line":554,"column":null}},"228":{"start":{"line":536,"column":6},"end":{"line":536,"column":null}},"229":{"start":{"line":536,"column":108},"end":{"line":536,"column":null}},"230":{"start":{"line":538,"column":22},"end":{"line":538,"column":null}},"231":{"start":{"line":539,"column":6},"end":{"line":553,"column":null}},"232":{"start":{"line":540,"column":26},"end":{"line":540,"column":null}},"233":{"start":{"line":541,"column":8},"end":{"line":552,"column":null}},"234":{"start":{"line":542,"column":10},"end":{"line":542,"column":null}},"235":{"start":{"line":543,"column":10},"end":{"line":549,"column":null}},"236":{"start":{"line":551,"column":10},"end":{"line":551,"column":null}},"237":{"start":{"line":556,"column":28},"end":{"line":556,"column":null}},"238":{"start":{"line":557,"column":24},"end":{"line":557,"column":null}},"239":{"start":{"line":559,"column":4},"end":{"line":570,"column":null}},"240":{"start":{"line":573,"column":2},"end":{"line":573,"column":null}},"241":{"start":{"line":591,"column":23},"end":{"line":591,"column":null}},"242":{"start":{"line":591,"column":51},"end":{"line":591,"column":83}},"243":{"start":{"line":593,"column":23},"end":{"line":593,"column":null}},"244":{"start":{"line":594,"column":24},"end":{"line":594,"column":null}},"245":{"start":{"line":598,"column":32},"end":{"line":598,"column":null}},"246":{"start":{"line":599,"column":2},"end":{"line":603,"column":null}},"247":{"start":{"line":600,"column":4},"end":{"line":602,"column":null}},"248":{"start":{"line":601,"column":6},"end":{"line":601,"column":null}},"249":{"start":{"line":605,"column":2},"end":{"line":619,"column":null}},"250":{"start":{"line":606,"column":4},"end":{"line":618,"column":null}},"251":{"start":{"line":607,"column":6},"end":{"line":617,"column":null}},"252":{"start":{"line":608,"column":19},"end":{"line":608,"column":null}},"253":{"start":{"line":608,"column":44},"end":{"line":608,"column":71}},"254":{"start":{"line":609,"column":8},"end":{"line":613,"column":null}},"255":{"start":{"line":610,"column":10},"end":{"line":610,"column":null}},"256":{"start":{"line":612,"column":10},"end":{"line":612,"column":null}},"257":{"start":{"line":616,"column":8},"end":{"line":616,"column":null}},"258":{"start":{"line":622,"column":2},"end":{"line":637,"column":null}},"259":{"start":{"line":624,"column":4},"end":{"line":624,"column":null}},"260":{"start":{"line":624,"column":82},"end":{"line":624,"column":null}},"261":{"start":{"line":625,"column":4},"end":{"line":625,"column":null}},"262":{"start":{"line":625,"column":42},"end":{"line":625,"column":null}},"263":{"start":{"line":627,"column":21},"end":{"line":627,"column":null}},"264":{"start":{"line":628,"column":4},"end":{"line":636,"column":null}},"265":{"start":{"line":629,"column":6},"end":{"line":635,"column":null}},"266":{"start":{"line":630,"column":8},"end":{"line":631,"column":null}},"267":{"start":{"line":630,"column":34},"end":{"line":630,"column":null}},"268":{"start":{"line":631,"column":13},"end":{"line":631,"column":null}},"269":{"start":{"line":632,"column":13},"end":{"line":635,"column":null}},"270":{"start":{"line":633,"column":8},"end":{"line":634,"column":null}},"271":{"start":{"line":633,"column":34},"end":{"line":633,"column":null}},"272":{"start":{"line":634,"column":13},"end":{"line":634,"column":null}},"273":{"start":{"line":640,"column":22},"end":{"line":640,"column":null}},"274":{"start":{"line":641,"column":23},"end":{"line":641,"column":null}},"275":{"start":{"line":643,"column":21},"end":{"line":643,"column":null}},"276":{"start":{"line":644,"column":22},"end":{"line":644,"column":null}},"277":{"start":{"line":645,"column":21},"end":{"line":645,"column":null}},"278":{"start":{"line":646,"column":22},"end":{"line":646,"column":null}},"279":{"start":{"line":648,"column":19},"end":{"line":648,"column":null}},"280":{"start":{"line":651,"column":2},"end":{"line":670,"column":null}},"281":{"start":{"line":652,"column":4},"end":{"line":652,"column":null}},"282":{"start":{"line":652,"column":37},"end":{"line":652,"column":null}},"283":{"start":{"line":654,"column":4},"end":{"line":656,"column":null}},"284":{"start":{"line":655,"column":6},"end":{"line":655,"column":null}},"285":{"start":{"line":658,"column":4},"end":{"line":669,"column":null}},"286":{"start":{"line":659,"column":24},"end":{"line":659,"column":null}},"287":{"start":{"line":660,"column":6},"end":{"line":668,"column":null}},"288":{"start":{"line":661,"column":8},"end":{"line":667,"column":null}},"289":{"start":{"line":662,"column":10},"end":{"line":662,"column":null}},"290":{"start":{"line":663,"column":10},"end":{"line":663,"column":null}},"291":{"start":{"line":665,"column":10},"end":{"line":665,"column":null}},"292":{"start":{"line":666,"column":10},"end":{"line":666,"column":null}},"293":{"start":{"line":673,"column":2},"end":{"line":696,"column":null}},"294":{"start":{"line":674,"column":4},"end":{"line":674,"column":null}},"295":{"start":{"line":674,"column":82},"end":{"line":674,"column":null}},"296":{"start":{"line":676,"column":23},"end":{"line":676,"column":null}},"297":{"start":{"line":678,"column":4},"end":{"line":684,"column":null}},"298":{"start":{"line":679,"column":6},"end":{"line":683,"column":null}},"299":{"start":{"line":680,"column":8},"end":{"line":680,"column":null}},"300":{"start":{"line":682,"column":8},"end":{"line":682,"column":null}},"301":{"start":{"line":686,"column":4},"end":{"line":695,"column":null}},"302":{"start":{"line":687,"column":24},"end":{"line":687,"column":null}},"303":{"start":{"line":688,"column":6},"end":{"line":694,"column":null}},"304":{"start":{"line":689,"column":8},"end":{"line":689,"column":null}},"305":{"start":{"line":690,"column":8},"end":{"line":690,"column":null}},"306":{"start":{"line":692,"column":8},"end":{"line":692,"column":null}},"307":{"start":{"line":693,"column":8},"end":{"line":693,"column":null}},"308":{"start":{"line":699,"column":2},"end":{"line":717,"column":null}},"309":{"start":{"line":700,"column":4},"end":{"line":700,"column":null}},"310":{"start":{"line":700,"column":65},"end":{"line":700,"column":null}},"311":{"start":{"line":702,"column":22},"end":{"line":702,"column":null}},"312":{"start":{"line":703,"column":4},"end":{"line":705,"column":null}},"313":{"start":{"line":704,"column":6},"end":{"line":704,"column":null}},"314":{"start":{"line":707,"column":4},"end":{"line":716,"column":null}},"315":{"start":{"line":708,"column":24},"end":{"line":708,"column":null}},"316":{"start":{"line":709,"column":6},"end":{"line":715,"column":null}},"317":{"start":{"line":710,"column":8},"end":{"line":710,"column":null}},"318":{"start":{"line":711,"column":8},"end":{"line":711,"column":null}},"319":{"start":{"line":713,"column":8},"end":{"line":713,"column":null}},"320":{"start":{"line":714,"column":8},"end":{"line":714,"column":null}},"321":{"start":{"line":720,"column":33},"end":{"line":720,"column":null}},"322":{"start":{"line":721,"column":2},"end":{"line":741,"column":null}},"323":{"start":{"line":722,"column":35},"end":{"line":722,"column":null}},"324":{"start":{"line":723,"column":4},"end":{"line":723,"column":null}},"325":{"start":{"line":723,"column":36},"end":{"line":723,"column":null}},"326":{"start":{"line":725,"column":30},"end":{"line":730,"column":null}},"327":{"start":{"line":727,"column":8},"end":{"line":729,"column":null}},"328":{"start":{"line":732,"column":33},"end":{"line":732,"column":null}},"329":{"start":{"line":733,"column":4},"end":{"line":733,"column":null}},"330":{"start":{"line":733,"column":35},"end":{"line":733,"column":null}},"331":{"start":{"line":735,"column":21},"end":{"line":735,"column":null}},"332":{"start":{"line":736,"column":4},"end":{"line":740,"column":null}},"333":{"start":{"line":737,"column":6},"end":{"line":737,"column":null}},"334":{"start":{"line":739,"column":6},"end":{"line":739,"column":null}},"335":{"start":{"line":743,"column":2},"end":{"line":763,"column":null}},"336":{"start":{"line":777,"column":24},"end":{"line":777,"column":null}},"337":{"start":{"line":779,"column":2},"end":{"line":803,"column":null}},"338":{"start":{"line":780,"column":15},"end":{"line":780,"column":null}},"339":{"start":{"line":780,"column":42},"end":{"line":780,"column":89}},"340":{"start":{"line":781,"column":4},"end":{"line":781,"column":null}},"341":{"start":{"line":781,"column":13},"end":{"line":781,"column":null}},"342":{"start":{"line":782,"column":4},"end":{"line":782,"column":null}},"343":{"start":{"line":782,"column":29},"end":{"line":782,"column":null}},"344":{"start":{"line":783,"column":4},"end":{"line":791,"column":null}},"345":{"start":{"line":784,"column":24},"end":{"line":784,"column":null}},"346":{"start":{"line":784,"column":45},"end":{"line":784,"column":108}},"347":{"start":{"line":785,"column":6},"end":{"line":787,"column":null}},"348":{"start":{"line":786,"column":8},"end":{"line":786,"column":null}},"349":{"start":{"line":788,"column":6},"end":{"line":790,"column":null}},"350":{"start":{"line":789,"column":8},"end":{"line":789,"column":null}},"351":{"start":{"line":792,"column":4},"end":{"line":802,"column":null}},"352":{"start":{"line":793,"column":6},"end":{"line":795,"column":null}},"353":{"start":{"line":794,"column":8},"end":{"line":794,"column":null}},"354":{"start":{"line":796,"column":6},"end":{"line":796,"column":null}},"355":{"start":{"line":797,"column":11},"end":{"line":802,"column":null}},"356":{"start":{"line":798,"column":6},"end":{"line":800,"column":null}},"357":{"start":{"line":799,"column":8},"end":{"line":799,"column":null}},"358":{"start":{"line":801,"column":6},"end":{"line":801,"column":null}},"359":{"start":{"line":805,"column":2},"end":{"line":809,"column":null}},"360":{"start":{"line":806,"column":14},"end":{"line":806,"column":null}},"361":{"start":{"line":806,"column":41},"end":{"line":806,"column":105}},"362":{"start":{"line":807,"column":4},"end":{"line":807,"column":null}},"363":{"start":{"line":807,"column":12},"end":{"line":807,"column":null}},"364":{"start":{"line":808,"column":4},"end":{"line":808,"column":null}},"365":{"start":{"line":808,"column":28},"end":{"line":808,"column":null}},"366":{"start":{"line":811,"column":2},"end":{"line":811,"column":null}},"367":{"start":{"line":828,"column":2},"end":{"line":838,"column":null}},"368":{"start":{"line":829,"column":4},"end":{"line":831,"column":null}},"369":{"start":{"line":830,"column":6},"end":{"line":830,"column":null}},"370":{"start":{"line":832,"column":4},"end":{"line":837,"column":null}},"371":{"start":{"line":833,"column":17},"end":{"line":833,"column":null}},"372":{"start":{"line":833,"column":44},"end":{"line":833,"column":107}},"373":{"start":{"line":834,"column":6},"end":{"line":836,"column":null}},"374":{"start":{"line":835,"column":8},"end":{"line":835,"column":null}},"375":{"start":{"line":841,"column":2},"end":{"line":846,"column":null}},"376":{"start":{"line":842,"column":15},"end":{"line":842,"column":null}},"377":{"start":{"line":842,"column":42},"end":{"line":842,"column":105}},"378":{"start":{"line":843,"column":4},"end":{"line":845,"column":null}},"379":{"start":{"line":844,"column":6},"end":{"line":844,"column":null}},"380":{"start":{"line":856,"column":2},"end":{"line":865,"column":null}},"381":{"start":{"line":857,"column":4},"end":{"line":864,"column":null}},"382":{"start":{"line":861,"column":6},"end":{"line":863,"column":null}},"383":{"start":{"line":876,"column":19},"end":{"line":876,"column":null}},"384":{"start":{"line":877,"column":20},"end":{"line":895,"column":null}},"385":{"start":{"line":878,"column":4},"end":{"line":893,"column":null}},"386":{"start":{"line":879,"column":17},"end":{"line":881,"column":null}},"387":{"start":{"line":880,"column":37},"end":{"line":880,"column":106}},"388":{"start":{"line":882,"column":27},"end":{"line":882,"column":null}},"389":{"start":{"line":883,"column":6},"end":{"line":892,"column":null}},"390":{"start":{"line":884,"column":8},"end":{"line":891,"column":null}},"391":{"start":{"line":885,"column":10},"end":{"line":885,"column":null}},"392":{"start":{"line":886,"column":10},"end":{"line":890,"column":null}},"393":{"start":{"line":894,"column":4},"end":{"line":894,"column":null}},"394":{"start":{"line":897,"column":2},"end":{"line":897,"column":null}},"395":{"start":{"line":904,"column":2},"end":{"line":906,"column":null}},"396":{"start":{"line":905,"column":4},"end":{"line":905,"column":null}},"397":{"start":{"line":918,"column":2},"end":{"line":918,"column":null}},"398":{"start":{"line":918,"column":24},"end":{"line":918,"column":null}},"399":{"start":{"line":919,"column":13},"end":{"line":919,"column":null}},"400":{"start":{"line":919,"column":40},"end":{"line":919,"column":98}},"401":{"start":{"line":920,"column":2},"end":{"line":925,"column":null}},"402":{"start":{"line":921,"column":4},"end":{"line":923,"column":null}},"403":{"start":{"line":922,"column":6},"end":{"line":922,"column":null}},"404":{"start":{"line":924,"column":4},"end":{"line":924,"column":null}},"405":{"start":{"line":926,"column":2},"end":{"line":926,"column":null}},"406":{"start":{"line":937,"column":14},"end":{"line":937,"column":null}},"407":{"start":{"line":937,"column":35},"end":{"line":937,"column":87}},"408":{"start":{"line":938,"column":2},"end":{"line":940,"column":null}},"409":{"start":{"line":939,"column":4},"end":{"line":939,"column":null}},"410":{"start":{"line":941,"column":2},"end":{"line":943,"column":null}},"411":{"start":{"line":942,"column":4},"end":{"line":942,"column":null}},"412":{"start":{"line":964,"column":2},"end":{"line":1027,"column":null}},"413":{"start":{"line":965,"column":4},"end":{"line":965,"column":null}},"414":{"start":{"line":967,"column":31},"end":{"line":972,"column":null}},"415":{"start":{"line":974,"column":4},"end":{"line":982,"column":null}},"416":{"start":{"line":975,"column":18},"end":{"line":975,"column":null}},"417":{"start":{"line":975,"column":39},"end":{"line":975,"column":100}},"418":{"start":{"line":976,"column":6},"end":{"line":978,"column":null}},"419":{"start":{"line":977,"column":8},"end":{"line":977,"column":null}},"420":{"start":{"line":979,"column":6},"end":{"line":981,"column":null}},"421":{"start":{"line":980,"column":8},"end":{"line":980,"column":null}},"422":{"start":{"line":984,"column":4},"end":{"line":999,"column":null}},"423":{"start":{"line":985,"column":18},"end":{"line":989,"column":null}},"424":{"start":{"line":986,"column":9},"end":{"line":988,"column":null}},"425":{"start":{"line":990,"column":6},"end":{"line":992,"column":null}},"426":{"start":{"line":991,"column":8},"end":{"line":991,"column":null}},"427":{"start":{"line":993,"column":6},"end":{"line":998,"column":null}},"428":{"start":{"line":994,"column":20},"end":{"line":994,"column":null}},"429":{"start":{"line":994,"column":51},"end":{"line":994,"column":75}},"430":{"start":{"line":995,"column":8},"end":{"line":997,"column":null}},"431":{"start":{"line":996,"column":10},"end":{"line":996,"column":null}},"432":{"start":{"line":1001,"column":28},"end":{"line":1008,"column":null}},"433":{"start":{"line":1010,"column":4},"end":{"line":1019,"column":null}},"434":{"start":{"line":1021,"column":4},"end":{"line":1021,"column":null}},"435":{"start":{"line":1023,"column":4},"end":{"line":1026,"column":null}},"436":{"start":{"line":1039,"column":15},"end":{"line":1039,"column":null}},"437":{"start":{"line":1040,"column":2},"end":{"line":1042,"column":null}},"438":{"start":{"line":1041,"column":4},"end":{"line":1041,"column":null}},"439":{"start":{"line":1043,"column":2},"end":{"line":1048,"column":null}},"440":{"start":{"line":1044,"column":4},"end":{"line":1046,"column":null}},"441":{"start":{"line":1045,"column":6},"end":{"line":1045,"column":null}},"442":{"start":{"line":1047,"column":4},"end":{"line":1047,"column":null}},"443":{"start":{"line":1050,"column":16},"end":{"line":1050,"column":null}},"444":{"start":{"line":1051,"column":20},"end":{"line":1051,"column":null}},"445":{"start":{"line":1054,"column":4},"end":{"line":1062,"column":null}},"446":{"start":{"line":1064,"column":19},"end":{"line":1064,"column":null}},"447":{"start":{"line":1065,"column":20},"end":{"line":1065,"column":null}},"448":{"start":{"line":1066,"column":2},"end":{"line":1069,"column":null}},"449":{"start":{"line":1067,"column":4},"end":{"line":1067,"column":null}},"450":{"start":{"line":1068,"column":4},"end":{"line":1068,"column":null}},"451":{"start":{"line":1071,"column":18},"end":{"line":1071,"column":null}},"452":{"start":{"line":1072,"column":18},"end":{"line":1072,"column":null}},"453":{"start":{"line":1074,"column":2},"end":{"line":1074,"column":null}},"454":{"start":{"line":1087,"column":2},"end":{"line":1087,"column":null}},"455":{"start":{"line":1087,"column":46},"end":{"line":1087,"column":null}},"456":{"start":{"line":1088,"column":2},"end":{"line":1094,"column":null}},"457":{"start":{"line":1089,"column":19},"end":{"line":1089,"column":null}},"458":{"start":{"line":1090,"column":19},"end":{"line":1090,"column":null}},"459":{"start":{"line":1091,"column":21},"end":{"line":1091,"column":null}},"460":{"start":{"line":1092,"column":19},"end":{"line":1092,"column":null}},"461":{"start":{"line":1093,"column":4},"end":{"line":1093,"column":null}},"462":{"start":{"line":1095,"column":13},"end":{"line":1095,"column":null}},"463":{"start":{"line":1096,"column":14},"end":{"line":1096,"column":null}},"464":{"start":{"line":1097,"column":2},"end":{"line":1100,"column":null}},"465":{"start":{"line":1098,"column":4},"end":{"line":1098,"column":null}},"466":{"start":{"line":1099,"column":4},"end":{"line":1099,"column":null}},"467":{"start":{"line":1101,"column":2},"end":{"line":1101,"column":null}},"468":{"start":{"line":1112,"column":17},"end":{"line":1116,"column":null}},"469":{"start":{"line":1113,"column":5},"end":{"line":1115,"column":null}},"470":{"start":{"line":1117,"column":2},"end":{"line":1117,"column":null}},"471":{"start":{"line":1117,"column":15},"end":{"line":1117,"column":null}},"472":{"start":{"line":1118,"column":2},"end":{"line":1118,"column":null}},"473":{"start":{"line":1118,"column":31},"end":{"line":1118,"column":null}},"474":{"start":{"line":1119,"column":2},"end":{"line":1122,"column":null}},"475":{"start":{"line":1120,"column":16},"end":{"line":1120,"column":null}},"476":{"start":{"line":1120,"column":50},"end":{"line":1120,"column":69}},"477":{"start":{"line":1121,"column":4},"end":{"line":1121,"column":null}},"478":{"start":{"line":1121,"column":37},"end":{"line":1121,"column":null}},"479":{"start":{"line":1133,"column":2},"end":{"line":1137,"column":null}},"480":{"start":{"line":1134,"column":14},"end":{"line":1134,"column":null}},"481":{"start":{"line":1134,"column":37},"end":{"line":1134,"column":93}},"482":{"start":{"line":1135,"column":4},"end":{"line":1135,"column":null}},"483":{"start":{"line":1135,"column":12},"end":{"line":1135,"column":null}},"484":{"start":{"line":1136,"column":4},"end":{"line":1136,"column":null}},"485":{"start":{"line":1136,"column":28},"end":{"line":1136,"column":null}},"486":{"start":{"line":1178,"column":6},"end":{"line":1178,"column":null}},"487":{"start":{"line":1176,"column":37},"end":{"line":1176,"column":null}},"488":{"start":{"line":1180,"column":21},"end":{"line":1180,"column":null}},"489":{"start":{"line":1181,"column":25},"end":{"line":1181,"column":null}},"490":{"start":{"line":1182,"column":41},"end":{"line":1182,"column":null}},"491":{"start":{"line":1183,"column":19},"end":{"line":1183,"column":null}},"492":{"start":{"line":1185,"column":23},"end":{"line":1187,"column":null}},"493":{"start":{"line":1186,"column":28},"end":{"line":1186,"column":87}},"494":{"start":{"line":1189,"column":8},"end":{"line":1239,"column":null}},"495":{"start":{"line":1197,"column":24},"end":{"line":1199,"column":null}},"496":{"start":{"line":1198,"column":13},"end":{"line":1198,"column":null}},"497":{"start":{"line":1201,"column":4},"end":{"line":1238,"column":null}},"498":{"start":{"line":1202,"column":16},"end":{"line":1202,"column":null}},"499":{"start":{"line":1203,"column":23},"end":{"line":1203,"column":null}},"500":{"start":{"line":1204,"column":22},"end":{"line":1204,"column":null}},"501":{"start":{"line":1205,"column":24},"end":{"line":1205,"column":null}},"502":{"start":{"line":1206,"column":6},"end":{"line":1215,"column":null}},"503":{"start":{"line":1207,"column":8},"end":{"line":1214,"column":null}},"504":{"start":{"line":1216,"column":6},"end":{"line":1216,"column":null}},"505":{"start":{"line":1217,"column":6},"end":{"line":1217,"column":null}},"506":{"start":{"line":1219,"column":27},"end":{"line":1219,"column":null}},"507":{"start":{"line":1220,"column":6},"end":{"line":1235,"column":null}},"508":{"start":{"line":1236,"column":6},"end":{"line":1236,"column":null}},"509":{"start":{"line":1237,"column":6},"end":{"line":1237,"column":null}},"510":{"start":{"line":1242,"column":2},"end":{"line":1248,"column":null}},"511":{"start":{"line":1243,"column":4},"end":{"line":1246,"column":null}},"512":{"start":{"line":1244,"column":6},"end":{"line":1244,"column":null}},"513":{"start":{"line":1245,"column":6},"end":{"line":1245,"column":null}},"514":{"start":{"line":1247,"column":4},"end":{"line":1247,"column":null}},"515":{"start":{"line":1250,"column":2},"end":{"line":1350,"column":null}},"516":{"start":{"line":1251,"column":4},"end":{"line":1251,"column":null}},"517":{"start":{"line":1251,"column":75},"end":{"line":1251,"column":null}},"518":{"start":{"line":1253,"column":25},"end":{"line":1253,"column":null}},"519":{"start":{"line":1254,"column":21},"end":{"line":1254,"column":null}},"520":{"start":{"line":1255,"column":27},"end":{"line":1255,"column":null}},"521":{"start":{"line":1257,"column":23},"end":{"line":1264,"column":null}},"522":{"start":{"line":1266,"column":4},"end":{"line":1273,"column":null}},"523":{"start":{"line":1267,"column":6},"end":{"line":1267,"column":null}},"524":{"start":{"line":1268,"column":6},"end":{"line":1268,"column":null}},"525":{"start":{"line":1269,"column":6},"end":{"line":1271,"column":null}},"526":{"start":{"line":1270,"column":8},"end":{"line":1270,"column":null}},"527":{"start":{"line":1272,"column":6},"end":{"line":1272,"column":null}},"528":{"start":{"line":1275,"column":28},"end":{"line":1275,"column":null}},"529":{"start":{"line":1276,"column":31},"end":{"line":1276,"column":null}},"530":{"start":{"line":1278,"column":4},"end":{"line":1336,"column":null}},"531":{"start":{"line":1283,"column":6},"end":{"line":1283,"column":null}},"532":{"start":{"line":1284,"column":22},"end":{"line":1284,"column":null}},"533":{"start":{"line":1286,"column":6},"end":{"line":1327,"column":null}},"534":{"start":{"line":1287,"column":36},"end":{"line":1287,"column":null}},"535":{"start":{"line":1288,"column":32},"end":{"line":1288,"column":null}},"536":{"start":{"line":1290,"column":8},"end":{"line":1304,"column":null}},"537":{"start":{"line":1291,"column":23},"end":{"line":1291,"column":null}},"538":{"start":{"line":1291,"column":47},"end":{"line":1291,"column":110}},"539":{"start":{"line":1292,"column":10},"end":{"line":1303,"column":null}},"540":{"start":{"line":1293,"column":30},"end":{"line":1293,"column":null}},"541":{"start":{"line":1294,"column":12},"end":{"line":1301,"column":null}},"542":{"start":{"line":1302,"column":12},"end":{"line":1302,"column":null}},"543":{"start":{"line":1306,"column":35},"end":{"line":1323,"column":null}},"544":{"start":{"line":1324,"column":8},"end":{"line":1324,"column":null}},"545":{"start":{"line":1325,"column":8},"end":{"line":1325,"column":null}},"546":{"start":{"line":1326,"column":8},"end":{"line":1326,"column":null}},"547":{"start":{"line":1329,"column":23},"end":{"line":1329,"column":null}},"548":{"start":{"line":1330,"column":6},"end":{"line":1334,"column":null}},"549":{"start":{"line":1331,"column":8},"end":{"line":1331,"column":null}},"550":{"start":{"line":1332,"column":8},"end":{"line":1332,"column":null}},"551":{"start":{"line":1333,"column":8},"end":{"line":1333,"column":null}},"552":{"start":{"line":1335,"column":6},"end":{"line":1335,"column":null}},"553":{"start":{"line":1338,"column":4},"end":{"line":1349,"column":null}},"554":{"start":{"line":1339,"column":6},"end":{"line":1339,"column":null}},"555":{"start":{"line":1340,"column":6},"end":{"line":1348,"column":null}},"556":{"start":{"line":1341,"column":8},"end":{"line":1347,"column":null}},"557":{"start":{"line":1352,"column":2},"end":{"line":1357,"column":null}}},"fnMap":{"0":{"name":"isValidCustomInterval","decl":{"start":{"line":31,"column":16},"end":{"line":31,"column":38}},"loc":{"start":{"line":31,"column":62},"end":{"line":33,"column":null}},"line":31},"1":{"name":"resolveCategory","decl":{"start":{"line":39,"column":16},"end":{"line":39,"column":null}},"loc":{"start":{"line":42,"column":87},"end":{"line":56,"column":null}},"line":42},"2":{"name":"(anonymous_2)","decl":{"start":{"line":49,"column":34},"end":{"line":49,"column":40}},"loc":{"start":{"line":49,"column":46},"end":{"line":49,"column":65}},"line":49},"3":{"name":"calculateIntegerPercentages","decl":{"start":{"line":62,"column":16},"end":{"line":62,"column":null}},"loc":{"start":{"line":65,"column":23},"end":{"line":112,"column":null}},"line":65},"4":{"name":"(anonymous_4)","decl":{"start":{"line":72,"column":27},"end":{"line":72,"column":32}},"loc":{"start":{"line":72,"column":39},"end":{"line":75,"column":4}},"line":72},"5":{"name":"(anonymous_5)","decl":{"start":{"line":77,"column":32},"end":{"line":77,"column":40}},"loc":{"start":{"line":77,"column":51},"end":{"line":77,"column":67}},"line":77},"6":{"name":"(anonymous_6)","decl":{"start":{"line":81,"column":15},"end":{"line":81,"column":24}},"loc":{"start":{"line":81,"column":30},"end":{"line":81,"column":52}},"line":81},"7":{"name":"(anonymous_7)","decl":{"start":{"line":90,"column":36},"end":{"line":90,"column":41}},"loc":{"start":{"line":90,"column":50},"end":{"line":95,"column":3}},"line":90},"8":{"name":"(anonymous_8)","decl":{"start":{"line":97,"column":34},"end":{"line":97,"column":42}},"loc":{"start":{"line":97,"column":53},"end":{"line":97,"column":71}},"line":97},"9":{"name":"(anonymous_9)","decl":{"start":{"line":101,"column":37},"end":{"line":101,"column":43}},"loc":{"start":{"line":101,"column":52},"end":{"line":101,"column":77}},"line":101},"10":{"name":"getActualDaysInMonth","decl":{"start":{"line":117,"column":16},"end":{"line":117,"column":37}},"loc":{"start":{"line":117,"column":74},"end":{"line":119,"column":null}},"line":117},"11":{"name":"calculateCardBillDates","decl":{"start":{"line":126,"column":16},"end":{"line":126,"column":null}},"loc":{"start":{"line":130,"column":68},"end":{"line":176,"column":null}},"line":130},"12":{"name":"splitInstallments","decl":{"start":{"line":185,"column":16},"end":{"line":185,"column":null}},"loc":{"start":{"line":198,"column":4},"end":{"line":307,"column":null}},"line":198},"13":{"name":"getAnchoredOccurrenceDate","decl":{"start":{"line":313,"column":16},"end":{"line":313,"column":42}},"loc":{"start":{"line":313,"column":93},"end":{"line":335,"column":null}},"line":313},"14":{"name":"isRecurrenceActiveInMonth","decl":{"start":{"line":341,"column":16},"end":{"line":341,"column":null}},"loc":{"start":{"line":345,"column":43},"end":{"line":435,"column":null}},"line":345},"15":{"name":"calculateFutureCommitments","decl":{"start":{"line":441,"column":16},"end":{"line":441,"column":null}},"loc":{"start":{"line":448,"column":23},"end":{"line":574,"column":null}},"line":448},"16":{"name":"(anonymous_16)","decl":{"start":{"line":508,"column":45},"end":{"line":508,"column":null}},"loc":{"start":{"line":510,"column":10},"end":{"line":512,"column":null}},"line":510},"17":{"name":"calculateDashboardSummary","decl":{"start":{"line":581,"column":16},"end":{"line":581,"column":null}},"loc":{"start":{"line":590,"column":2},"end":{"line":764,"column":null}},"line":590},"18":{"name":"(anonymous_18)","decl":{"start":{"line":591,"column":32},"end":{"line":591,"column":40}},"loc":{"start":{"line":591,"column":51},"end":{"line":591,"column":83}},"line":591},"19":{"name":"(anonymous_19)","decl":{"start":{"line":608,"column":32},"end":{"line":608,"column":38}},"loc":{"start":{"line":608,"column":44},"end":{"line":608,"column":71}},"line":608},"20":{"name":"(anonymous_20)","decl":{"start":{"line":725,"column":43},"end":{"line":725,"column":null}},"loc":{"start":{"line":727,"column":8},"end":{"line":729,"column":null}},"line":727},"21":{"name":"validateCreditCardResolution","decl":{"start":{"line":769,"column":16},"end":{"line":769,"column":null}},"loc":{"start":{"line":776,"column":17},"end":{"line":812,"column":null}},"line":776},"22":{"name":"(anonymous_22)","decl":{"start":{"line":780,"column":30},"end":{"line":780,"column":36}},"loc":{"start":{"line":780,"column":42},"end":{"line":780,"column":89}},"line":780},"23":{"name":"(anonymous_23)","decl":{"start":{"line":784,"column":33},"end":{"line":784,"column":39}},"loc":{"start":{"line":784,"column":45},"end":{"line":784,"column":108}},"line":784},"24":{"name":"(anonymous_24)","decl":{"start":{"line":806,"column":26},"end":{"line":806,"column":32}},"loc":{"start":{"line":806,"column":41},"end":{"line":806,"column":105}},"line":806},"25":{"name":"validateTransactionBusinessRules","decl":{"start":{"line":817,"column":16},"end":{"line":817,"column":null}},"loc":{"start":{"line":827,"column":8},"end":{"line":847,"column":null}},"line":827},"26":{"name":"(anonymous_26)","decl":{"start":{"line":833,"column":32},"end":{"line":833,"column":38}},"loc":{"start":{"line":833,"column":44},"end":{"line":833,"column":107}},"line":833},"27":{"name":"(anonymous_27)","decl":{"start":{"line":842,"column":30},"end":{"line":842,"column":36}},"loc":{"start":{"line":842,"column":42},"end":{"line":842,"column":105}},"line":842},"28":{"name":"validateBilledTransactionDateImmutability","decl":{"start":{"line":852,"column":16},"end":{"line":852,"column":null}},"loc":{"start":{"line":855,"column":8},"end":{"line":866,"column":null}},"line":855},"29":{"name":"sanitizeLegacyRecurringState","decl":{"start":{"line":872,"column":16},"end":{"line":872,"column":null}},"loc":{"start":{"line":875,"column":62},"end":{"line":898,"column":null}},"line":875},"30":{"name":"(anonymous_30)","decl":{"start":{"line":877,"column":30},"end":{"line":877,"column":35}},"loc":{"start":{"line":877,"column":43},"end":{"line":895,"column":3}},"line":877},"31":{"name":"(anonymous_31)","decl":{"start":{"line":880,"column":25},"end":{"line":880,"column":31}},"loc":{"start":{"line":880,"column":37},"end":{"line":880,"column":106}},"line":880},"32":{"name":"validateRecurringAmount","decl":{"start":{"line":903,"column":16},"end":{"line":903,"column":40}},"loc":{"start":{"line":903,"column":63},"end":{"line":907,"column":null}},"line":903},"33":{"name":"resolveTransactionAccountId","decl":{"start":{"line":912,"column":16},"end":{"line":912,"column":null}},"loc":{"start":{"line":917,"column":22},"end":{"line":927,"column":null}},"line":917},"34":{"name":"(anonymous_34)","decl":{"start":{"line":919,"column":28},"end":{"line":919,"column":34}},"loc":{"start":{"line":919,"column":40},"end":{"line":919,"column":98}},"line":919},"35":{"name":"validateBillPaymentAccount","decl":{"start":{"line":932,"column":16},"end":{"line":932,"column":null}},"loc":{"start":{"line":936,"column":8},"end":{"line":944,"column":null}},"line":936},"36":{"name":"(anonymous_36)","decl":{"start":{"line":937,"column":23},"end":{"line":937,"column":29}},"loc":{"start":{"line":937,"column":35},"end":{"line":937,"column":87}},"line":937},"37":{"name":"validateRecurringMaterialization","decl":{"start":{"line":956,"column":16},"end":{"line":956,"column":null}},"loc":{"start":{"line":963,"column":44},"end":{"line":1028,"column":null}},"line":963},"38":{"name":"(anonymous_38)","decl":{"start":{"line":975,"column":27},"end":{"line":975,"column":33}},"loc":{"start":{"line":975,"column":39},"end":{"line":975,"column":100}},"line":975},"39":{"name":"(anonymous_39)","decl":{"start":{"line":985,"column":29},"end":{"line":985,"column":null}},"loc":{"start":{"line":986,"column":9},"end":{"line":988,"column":null}},"line":986},"40":{"name":"(anonymous_40)","decl":{"start":{"line":994,"column":39},"end":{"line":994,"column":45}},"loc":{"start":{"line":994,"column":51},"end":{"line":994,"column":75}},"line":994},"41":{"name":"stepNextOccurrence","decl":{"start":{"line":1033,"column":16},"end":{"line":1033,"column":null}},"loc":{"start":{"line":1038,"column":10},"end":{"line":1075,"column":null}},"line":1038},"42":{"name":"calculateCatchUpOccurrence","decl":{"start":{"line":1080,"column":16},"end":{"line":1080,"column":null}},"loc":{"start":{"line":1086,"column":10},"end":{"line":1102,"column":null}},"line":1086},"43":{"name":"validateCategoryActive","decl":{"start":{"line":1107,"column":16},"end":{"line":1107,"column":null}},"loc":{"start":{"line":1111,"column":8},"end":{"line":1123,"column":null}},"line":1111},"44":{"name":"(anonymous_44)","decl":{"start":{"line":1112,"column":28},"end":{"line":1112,"column":null}},"loc":{"start":{"line":1113,"column":5},"end":{"line":1115,"column":null}},"line":1113},"45":{"name":"(anonymous_45)","decl":{"start":{"line":1120,"column":38},"end":{"line":1120,"column":44}},"loc":{"start":{"line":1120,"column":50},"end":{"line":1120,"column":69}},"line":1120},"46":{"name":"validateTransactionAccount","decl":{"start":{"line":1128,"column":16},"end":{"line":1128,"column":null}},"loc":{"start":{"line":1132,"column":8},"end":{"line":1138,"column":null}},"line":1132},"47":{"name":"(anonymous_47)","decl":{"start":{"line":1134,"column":23},"end":{"line":1134,"column":29}},"loc":{"start":{"line":1134,"column":37},"end":{"line":1134,"column":93}},"line":1134},"48":{"name":"processRecurringBatchState","decl":{"start":{"line":1164,"column":16},"end":{"line":1164,"column":null}},"loc":{"start":{"line":1166,"column":31},"end":{"line":1358,"column":null}},"line":1166},"49":{"name":"(anonymous_49)","decl":{"start":{"line":1176,"column":4},"end":{"line":1176,"column":18}},"loc":{"start":{"line":1176,"column":37},"end":{"line":1176,"column":null}},"line":1176},"50":{"name":"(anonymous_50)","decl":{"start":{"line":1186,"column":17},"end":{"line":1186,"column":22}},"loc":{"start":{"line":1186,"column":28},"end":{"line":1186,"column":87}},"line":1186},"51":{"name":"(anonymous_51)","decl":{"start":{"line":1189,"column":8},"end":{"line":1189,"column":null}},"loc":{"start":{"line":1196,"column":15},"end":{"line":1239,"column":null}},"line":1196},"52":{"name":"(anonymous_52)","decl":{"start":{"line":1197,"column":37},"end":{"line":1197,"column":null}},"loc":{"start":{"line":1198,"column":13},"end":{"line":1198,"column":null}},"line":1198},"53":{"name":"(anonymous_53)","decl":{"start":{"line":1206,"column":34},"end":{"line":1206,"column":39}},"loc":{"start":{"line":1207,"column":8},"end":{"line":1214,"column":null}},"line":1207},"54":{"name":"(anonymous_54)","decl":{"start":{"line":1242,"column":38},"end":{"line":1242,"column":43}},"loc":{"start":{"line":1242,"column":49},"end":{"line":1248,"column":3}},"line":1242},"55":{"name":"(anonymous_55)","decl":{"start":{"line":1269,"column":42},"end":{"line":1269,"column":47}},"loc":{"start":{"line":1270,"column":8},"end":{"line":1270,"column":null}},"line":1270},"56":{"name":"(anonymous_56)","decl":{"start":{"line":1291,"column":35},"end":{"line":1291,"column":41}},"loc":{"start":{"line":1291,"column":47},"end":{"line":1291,"column":110}},"line":1291},"57":{"name":"(anonymous_57)","decl":{"start":{"line":1340,"column":42},"end":{"line":1340,"column":47}},"loc":{"start":{"line":1341,"column":8},"end":{"line":1347,"column":null}},"line":1341}},"branchMap":{"0":{"loc":{"start":{"line":32,"column":9},"end":{"line":32,"column":null}},"type":"binary-expr","locations":[{"start":{"line":32,"column":9},"end":{"line":32,"column":37}},{"start":{"line":32,"column":37},"end":{"line":32,"column":62}},{"start":{"line":32,"column":62},"end":{"line":32,"column":88}},{"start":{"line":32,"column":88},"end":{"line":32,"column":100}},{"start":{"line":32,"column":100},"end":{"line":32,"column":null}}],"line":32},"1":{"loc":{"start":{"line":43,"column":2},"end":{"line":43,"column":null}},"type":"if","locations":[{"start":{"line":43,"column":2},"end":{"line":43,"column":null}},{"start":{},"end":{}}],"line":43},"2":{"loc":{"start":{"line":45,"column":4},"end":{"line":47,"column":null}},"type":"if","locations":[{"start":{"line":45,"column":4},"end":{"line":47,"column":null}},{"start":{},"end":{}}],"line":45},"3":{"loc":{"start":{"line":48,"column":4},"end":{"line":53,"column":null}},"type":"if","locations":[{"start":{"line":48,"column":4},"end":{"line":53,"column":null}},{"start":{},"end":{}}],"line":48},"4":{"loc":{"start":{"line":48,"column":8},"end":{"line":48,"column":55}},"type":"binary-expr","locations":[{"start":{"line":48,"column":8},"end":{"line":48,"column":27}},{"start":{"line":48,"column":27},"end":{"line":48,"column":55}}],"line":48},"5":{"loc":{"start":{"line":50,"column":6},"end":{"line":52,"column":null}},"type":"if","locations":[{"start":{"line":50,"column":6},"end":{"line":52,"column":null}},{"start":{},"end":{}}],"line":50},"6":{"loc":{"start":{"line":67,"column":2},"end":{"line":69,"column":null}},"type":"if","locations":[{"start":{"line":67,"column":2},"end":{"line":69,"column":null}},{"start":{},"end":{}}],"line":67},"7":{"loc":{"start":{"line":67,"column":6},"end":{"line":67,"column":36}},"type":"binary-expr","locations":[{"start":{"line":67,"column":6},"end":{"line":67,"column":16}},{"start":{"line":67,"column":16},"end":{"line":67,"column":36}}],"line":67},"8":{"loc":{"start":{"line":74,"column":12},"end":{"line":74,"column":null}},"type":"cond-expr","locations":[{"start":{"line":74,"column":56},"end":{"line":74,"column":67}},{"start":{"line":74,"column":67},"end":{"line":74,"column":null}}],"line":74},"9":{"loc":{"start":{"line":74,"column":12},"end":{"line":74,"column":56}},"type":"binary-expr","locations":[{"start":{"line":74,"column":12},"end":{"line":74,"column":41}},{"start":{"line":74,"column":41},"end":{"line":74,"column":56}}],"line":74},"10":{"loc":{"start":{"line":80,"column":2},"end":{"line":83,"column":null}},"type":"if","locations":[{"start":{"line":80,"column":2},"end":{"line":83,"column":null}},{"start":{},"end":{}}],"line":80},"11":{"loc":{"start":{"line":80,"column":6},"end":{"line":80,"column":76}},"type":"binary-expr","locations":[{"start":{"line":80,"column":6},"end":{"line":80,"column":25}},{"start":{"line":80,"column":25},"end":{"line":80,"column":58}},{"start":{"line":80,"column":58},"end":{"line":80,"column":76}}],"line":80},"12":{"loc":{"start":{"line":87,"column":25},"end":{"line":87,"column":null}},"type":"cond-expr","locations":[{"start":{"line":87,"column":69},"end":{"line":87,"column":82}},{"start":{"line":87,"column":82},"end":{"line":87,"column":null}}],"line":87},"13":{"loc":{"start":{"line":104,"column":4},"end":{"line":107,"column":null}},"type":"if","locations":[{"start":{"line":104,"column":4},"end":{"line":107,"column":null}},{"start":{},"end":{}}],"line":104},"14":{"loc":{"start":{"line":131,"column":2},"end":{"line":133,"column":null}},"type":"if","locations":[{"start":{"line":131,"column":2},"end":{"line":133,"column":null}},{"start":{},"end":{}}],"line":131},"15":{"loc":{"start":{"line":131,"column":6},"end":{"line":131,"column":63}},"type":"binary-expr","locations":[{"start":{"line":131,"column":6},"end":{"line":131,"column":26}},{"start":{"line":131,"column":26},"end":{"line":131,"column":63}}],"line":131},"16":{"loc":{"start":{"line":136,"column":2},"end":{"line":138,"column":null}},"type":"if","locations":[{"start":{"line":136,"column":2},"end":{"line":138,"column":null}},{"start":{},"end":{}}],"line":136},"17":{"loc":{"start":{"line":140,"column":58},"end":{"line":140,"column":73}},"type":"binary-expr","locations":[{"start":{"line":140,"column":58},"end":{"line":140,"column":72}},{"start":{"line":140,"column":72},"end":{"line":140,"column":73}}],"line":140},"18":{"loc":{"start":{"line":141,"column":54},"end":{"line":141,"column":66}},"type":"binary-expr","locations":[{"start":{"line":141,"column":54},"end":{"line":141,"column":64}},{"start":{"line":141,"column":64},"end":{"line":141,"column":66}}],"line":141},"19":{"loc":{"start":{"line":147,"column":2},"end":{"line":153,"column":null}},"type":"if","locations":[{"start":{"line":147,"column":2},"end":{"line":153,"column":null}},{"start":{},"end":{}}],"line":147},"20":{"loc":{"start":{"line":149,"column":4},"end":{"line":152,"column":null}},"type":"if","locations":[{"start":{"line":149,"column":4},"end":{"line":152,"column":null}},{"start":{},"end":{}}],"line":149},"21":{"loc":{"start":{"line":164,"column":2},"end":{"line":170,"column":null}},"type":"if","locations":[{"start":{"line":164,"column":2},"end":{"line":170,"column":null}},{"start":{},"end":{}}],"line":164},"22":{"loc":{"start":{"line":166,"column":4},"end":{"line":169,"column":null}},"type":"if","locations":[{"start":{"line":166,"column":4},"end":{"line":169,"column":null}},{"start":{},"end":{}}],"line":166},"23":{"loc":{"start":{"line":190,"column":2},"end":{"line":190,"column":null}},"type":"default-arg","locations":[{"start":{"line":190,"column":34},"end":{"line":190,"column":null}}],"line":190},"24":{"loc":{"start":{"line":199,"column":2},"end":{"line":206,"column":null}},"type":"if","locations":[{"start":{"line":199,"column":2},"end":{"line":206,"column":null}},{"start":{},"end":{}}],"line":199},"25":{"loc":{"start":{"line":200,"column":4},"end":{"line":203,"column":null}},"type":"binary-expr","locations":[{"start":{"line":200,"column":4},"end":{"line":200,"column":null}},{"start":{"line":201,"column":4},"end":{"line":201,"column":null}},{"start":{"line":202,"column":4},"end":{"line":202,"column":null}},{"start":{"line":203,"column":4},"end":{"line":203,"column":null}}],"line":200},"26":{"loc":{"start":{"line":208,"column":2},"end":{"line":215,"column":null}},"type":"if","locations":[{"start":{"line":208,"column":2},"end":{"line":215,"column":null}},{"start":{},"end":{}}],"line":208},"27":{"loc":{"start":{"line":209,"column":4},"end":{"line":212,"column":null}},"type":"binary-expr","locations":[{"start":{"line":209,"column":4},"end":{"line":209,"column":null}},{"start":{"line":210,"column":4},"end":{"line":210,"column":null}},{"start":{"line":211,"column":4},"end":{"line":211,"column":null}},{"start":{"line":212,"column":4},"end":{"line":212,"column":null}}],"line":209},"28":{"loc":{"start":{"line":217,"column":2},"end":{"line":219,"column":null}},"type":"if","locations":[{"start":{"line":217,"column":2},"end":{"line":219,"column":null}},{"start":{},"end":{}}],"line":217},"29":{"loc":{"start":{"line":221,"column":2},"end":{"line":223,"column":null}},"type":"if","locations":[{"start":{"line":221,"column":2},"end":{"line":223,"column":null}},{"start":{},"end":{}}],"line":221},"30":{"loc":{"start":{"line":221,"column":6},"end":{"line":221,"column":63}},"type":"binary-expr","locations":[{"start":{"line":221,"column":6},"end":{"line":221,"column":26}},{"start":{"line":221,"column":26},"end":{"line":221,"column":63}}],"line":221},"31":{"loc":{"start":{"line":226,"column":2},"end":{"line":228,"column":null}},"type":"if","locations":[{"start":{"line":226,"column":2},"end":{"line":228,"column":null}},{"start":{},"end":{}}],"line":226},"32":{"loc":{"start":{"line":236,"column":2},"end":{"line":304,"column":null}},"type":"if","locations":[{"start":{"line":236,"column":2},"end":{"line":304,"column":null}},{"start":{"line":290,"column":9},"end":{"line":304,"column":null}}],"line":236},"33":{"loc":{"start":{"line":247,"column":60},"end":{"line":247,"column":87}},"type":"binary-expr","locations":[{"start":{"line":247,"column":60},"end":{"line":247,"column":86}},{"start":{"line":247,"column":86},"end":{"line":247,"column":87}}],"line":247},"34":{"loc":{"start":{"line":248,"column":56},"end":{"line":248,"column":80}},"type":"binary-expr","locations":[{"start":{"line":248,"column":56},"end":{"line":248,"column":78}},{"start":{"line":248,"column":78},"end":{"line":248,"column":80}}],"line":248},"35":{"loc":{"start":{"line":251,"column":21},"end":{"line":251,"column":null}},"type":"cond-expr","locations":[{"start":{"line":251,"column":31},"end":{"line":251,"column":45}},{"start":{"line":251,"column":45},"end":{"line":251,"column":null}}],"line":251},"36":{"loc":{"start":{"line":270,"column":6},"end":{"line":276,"column":null}},"type":"if","locations":[{"start":{"line":270,"column":6},"end":{"line":276,"column":null}},{"start":{},"end":{}}],"line":270},"37":{"loc":{"start":{"line":272,"column":8},"end":{"line":275,"column":null}},"type":"if","locations":[{"start":{"line":272,"column":8},"end":{"line":275,"column":null}},{"start":{},"end":{}}],"line":272},"38":{"loc":{"start":{"line":295,"column":21},"end":{"line":295,"column":null}},"type":"cond-expr","locations":[{"start":{"line":295,"column":31},"end":{"line":295,"column":45}},{"start":{"line":295,"column":45},"end":{"line":295,"column":null}}],"line":295},"39":{"loc":{"start":{"line":314,"column":2},"end":{"line":316,"column":null}},"type":"if","locations":[{"start":{"line":314,"column":2},"end":{"line":316,"column":null}},{"start":{},"end":{}}],"line":314},"40":{"loc":{"start":{"line":314,"column":6},"end":{"line":314,"column":57}},"type":"binary-expr","locations":[{"start":{"line":314,"column":6},"end":{"line":314,"column":23}},{"start":{"line":314,"column":23},"end":{"line":314,"column":57}}],"line":314},"41":{"loc":{"start":{"line":319,"column":2},"end":{"line":321,"column":null}},"type":"if","locations":[{"start":{"line":319,"column":2},"end":{"line":321,"column":null}},{"start":{},"end":{}}],"line":319},"42":{"loc":{"start":{"line":323,"column":44},"end":{"line":323,"column":60}},"type":"binary-expr","locations":[{"start":{"line":323,"column":44},"end":{"line":323,"column":59}},{"start":{"line":323,"column":59},"end":{"line":323,"column":60}}],"line":323},"43":{"loc":{"start":{"line":346,"column":2},"end":{"line":346,"column":null}},"type":"if","locations":[{"start":{"line":346,"column":2},"end":{"line":346,"column":null}},{"start":{},"end":{}}],"line":346},"44":{"loc":{"start":{"line":351,"column":2},"end":{"line":351,"column":null}},"type":"if","locations":[{"start":{"line":351,"column":2},"end":{"line":351,"column":null}},{"start":{},"end":{}}],"line":351},"45":{"loc":{"start":{"line":361,"column":2},"end":{"line":434,"column":null}},"type":"switch","locations":[{"start":{"line":362,"column":4},"end":{"line":379,"column":null}},{"start":{"line":381,"column":4},"end":{"line":381,"column":null}},{"start":{"line":382,"column":4},"end":{"line":382,"column":null}},{"start":{"line":383,"column":4},"end":{"line":383,"column":null}},{"start":{"line":384,"column":4},"end":{"line":384,"column":null}},{"start":{"line":385,"column":4},"end":{"line":407,"column":null}},{"start":{"line":409,"column":4},"end":{"line":430,"column":null}},{"start":{"line":432,"column":4},"end":{"line":433,"column":null}}],"line":361},"46":{"loc":{"start":{"line":370,"column":6},"end":{"line":372,"column":null}},"type":"binary-expr","locations":[{"start":{"line":371,"column":9},"end":{"line":371,"column":37}},{"start":{"line":371,"column":37},"end":{"line":371,"column":null}},{"start":{"line":372,"column":9},"end":{"line":372,"column":26}},{"start":{"line":372,"column":26},"end":{"line":372,"column":68}},{"start":{"line":372,"column":68},"end":{"line":372,"column":null}}],"line":370},"47":{"loc":{"start":{"line":387,"column":8},"end":{"line":395,"column":null}},"type":"cond-expr","locations":[{"start":{"line":388,"column":12},"end":{"line":388,"column":null}},{"start":{"line":389,"column":12},"end":{"line":395,"column":null}}],"line":387},"48":{"loc":{"start":{"line":389,"column":12},"end":{"line":395,"column":null}},"type":"cond-expr","locations":[{"start":{"line":390,"column":12},"end":{"line":390,"column":null}},{"start":{"line":391,"column":12},"end":{"line":395,"column":null}}],"line":389},"49":{"loc":{"start":{"line":391,"column":12},"end":{"line":395,"column":null}},"type":"cond-expr","locations":[{"start":{"line":392,"column":12},"end":{"line":392,"column":null}},{"start":{"line":393,"column":12},"end":{"line":395,"column":null}}],"line":391},"50":{"loc":{"start":{"line":393,"column":12},"end":{"line":395,"column":null}},"type":"cond-expr","locations":[{"start":{"line":394,"column":12},"end":{"line":394,"column":null}},{"start":{"line":395,"column":12},"end":{"line":395,"column":null}}],"line":393},"51":{"loc":{"start":{"line":397,"column":6},"end":{"line":399,"column":null}},"type":"if","locations":[{"start":{"line":397,"column":6},"end":{"line":399,"column":null}},{"start":{},"end":{}}],"line":397},"52":{"loc":{"start":{"line":397,"column":10},"end":{"line":397,"column":53}},"type":"binary-expr","locations":[{"start":{"line":397,"column":10},"end":{"line":397,"column":28}},{"start":{"line":397,"column":28},"end":{"line":397,"column":53}}],"line":397},"53":{"loc":{"start":{"line":402,"column":6},"end":{"line":404,"column":null}},"type":"if","locations":[{"start":{"line":402,"column":6},"end":{"line":404,"column":null}},{"start":{},"end":{}}],"line":402},"54":{"loc":{"start":{"line":402,"column":10},"end":{"line":402,"column":60}},"type":"binary-expr","locations":[{"start":{"line":402,"column":10},"end":{"line":402,"column":26}},{"start":{"line":402,"column":26},"end":{"line":402,"column":60}}],"line":402},"55":{"loc":{"start":{"line":410,"column":6},"end":{"line":412,"column":null}},"type":"if","locations":[{"start":{"line":410,"column":6},"end":{"line":412,"column":null}},{"start":{},"end":{}}],"line":410},"56":{"loc":{"start":{"line":421,"column":6},"end":{"line":423,"column":null}},"type":"binary-expr","locations":[{"start":{"line":422,"column":9},"end":{"line":422,"column":37}},{"start":{"line":422,"column":37},"end":{"line":422,"column":null}},{"start":{"line":423,"column":9},"end":{"line":423,"column":26}},{"start":{"line":423,"column":26},"end":{"line":423,"column":68}},{"start":{"line":423,"column":68},"end":{"line":423,"column":null}}],"line":421},"57":{"loc":{"start":{"line":445,"column":2},"end":{"line":445,"column":null}},"type":"default-arg","locations":[{"start":{"line":445,"column":24},"end":{"line":445,"column":null}}],"line":445},"58":{"loc":{"start":{"line":446,"column":2},"end":{"line":446,"column":null}},"type":"default-arg","locations":[{"start":{"line":446,"column":20},"end":{"line":446,"column":null}}],"line":446},"59":{"loc":{"start":{"line":447,"column":2},"end":{"line":447,"column":null}},"type":"default-arg","locations":[{"start":{"line":447,"column":38},"end":{"line":447,"column":null}}],"line":447},"60":{"loc":{"start":{"line":468,"column":6},"end":{"line":468,"column":null}},"type":"if","locations":[{"start":{"line":468,"column":6},"end":{"line":468,"column":null}},{"start":{},"end":{}}],"line":468},"61":{"loc":{"start":{"line":468,"column":10},"end":{"line":468,"column":93}},"type":"binary-expr","locations":[{"start":{"line":468,"column":10},"end":{"line":468,"column":36}},{"start":{"line":468,"column":36},"end":{"line":468,"column":67}},{"start":{"line":468,"column":67},"end":{"line":468,"column":93}}],"line":468},"62":{"loc":{"start":{"line":470,"column":24},"end":{"line":470,"column":null}},"type":"cond-expr","locations":[{"start":{"line":470,"column":40},"end":{"line":470,"column":68}},{"start":{"line":470,"column":68},"end":{"line":470,"column":null}}],"line":470},"63":{"loc":{"start":{"line":471,"column":6},"end":{"line":482,"column":null}},"type":"if","locations":[{"start":{"line":471,"column":6},"end":{"line":482,"column":null}},{"start":{},"end":{}}],"line":471},"64":{"loc":{"start":{"line":472,"column":53},"end":{"line":472,"column":75}},"type":"binary-expr","locations":[{"start":{"line":472,"column":53},"end":{"line":472,"column":73}},{"start":{"line":472,"column":73},"end":{"line":472,"column":75}}],"line":472},"65":{"loc":{"start":{"line":476,"column":20},"end":{"line":476,"column":69}},"type":"binary-expr","locations":[{"start":{"line":476,"column":20},"end":{"line":476,"column":50}},{"start":{"line":476,"column":50},"end":{"line":476,"column":69}}],"line":476},"66":{"loc":{"start":{"line":476,"column":100},"end":{"line":476,"column":140}},"type":"binary-expr","locations":[{"start":{"line":476,"column":100},"end":{"line":476,"column":136}},{"start":{"line":476,"column":136},"end":{"line":476,"column":140}}],"line":476},"67":{"loc":{"start":{"line":487,"column":6},"end":{"line":487,"column":null}},"type":"if","locations":[{"start":{"line":487,"column":6},"end":{"line":487,"column":null}},{"start":{},"end":{}}],"line":487},"68":{"loc":{"start":{"line":487,"column":10},"end":{"line":487,"column":65}},"type":"binary-expr","locations":[{"start":{"line":487,"column":10},"end":{"line":487,"column":41}},{"start":{"line":487,"column":41},"end":{"line":487,"column":65}}],"line":487},"69":{"loc":{"start":{"line":488,"column":6},"end":{"line":500,"column":null}},"type":"if","locations":[{"start":{"line":488,"column":6},"end":{"line":500,"column":null}},{"start":{},"end":{}}],"line":488},"70":{"loc":{"start":{"line":489,"column":59},"end":{"line":489,"column":81}},"type":"binary-expr","locations":[{"start":{"line":489,"column":59},"end":{"line":489,"column":79}},{"start":{"line":489,"column":79},"end":{"line":489,"column":81}}],"line":489},"71":{"loc":{"start":{"line":490,"column":8},"end":{"line":499,"column":null}},"type":"if","locations":[{"start":{"line":490,"column":8},"end":{"line":499,"column":null}},{"start":{},"end":{}}],"line":490},"72":{"loc":{"start":{"line":506,"column":6},"end":{"line":506,"column":null}},"type":"if","locations":[{"start":{"line":506,"column":6},"end":{"line":506,"column":null}},{"start":{},"end":{}}],"line":506},"73":{"loc":{"start":{"line":506,"column":10},"end":{"line":506,"column":38}},"type":"binary-expr","locations":[{"start":{"line":506,"column":10},"end":{"line":506,"column":21}},{"start":{"line":506,"column":21},"end":{"line":506,"column":38}}],"line":506},"74":{"loc":{"start":{"line":510,"column":10},"end":{"line":512,"column":null}},"type":"binary-expr","locations":[{"start":{"line":510,"column":10},"end":{"line":510,"column":null}},{"start":{"line":511,"column":10},"end":{"line":511,"column":null}},{"start":{"line":512,"column":10},"end":{"line":512,"column":null}}],"line":510},"75":{"loc":{"start":{"line":516,"column":6},"end":{"line":516,"column":null}},"type":"if","locations":[{"start":{"line":516,"column":6},"end":{"line":516,"column":null}},{"start":{},"end":{}}],"line":516},"76":{"loc":{"start":{"line":520,"column":6},"end":{"line":531,"column":null}},"type":"if","locations":[{"start":{"line":520,"column":6},"end":{"line":531,"column":null}},{"start":{"line":529,"column":13},"end":{"line":531,"column":null}}],"line":520},"77":{"loc":{"start":{"line":523,"column":17},"end":{"line":523,"column":null}},"type":"cond-expr","locations":[{"start":{"line":523,"column":44},"end":{"line":523,"column":94}},{"start":{"line":523,"column":94},"end":{"line":523,"column":null}}],"line":523},"78":{"loc":{"start":{"line":536,"column":6},"end":{"line":536,"column":null}},"type":"if","locations":[{"start":{"line":536,"column":6},"end":{"line":536,"column":null}},{"start":{},"end":{}}],"line":536},"79":{"loc":{"start":{"line":536,"column":10},"end":{"line":536,"column":108}},"type":"binary-expr","locations":[{"start":{"line":536,"column":10},"end":{"line":536,"column":34}},{"start":{"line":536,"column":34},"end":{"line":536,"column":63}},{"start":{"line":536,"column":63},"end":{"line":536,"column":89}},{"start":{"line":536,"column":89},"end":{"line":536,"column":108}}],"line":536},"80":{"loc":{"start":{"line":538,"column":22},"end":{"line":538,"column":null}},"type":"cond-expr","locations":[{"start":{"line":538,"column":36},"end":{"line":538,"column":62}},{"start":{"line":538,"column":62},"end":{"line":538,"column":null}}],"line":538},"81":{"loc":{"start":{"line":539,"column":6},"end":{"line":553,"column":null}},"type":"if","locations":[{"start":{"line":539,"column":6},"end":{"line":553,"column":null}},{"start":{},"end":{}}],"line":539},"82":{"loc":{"start":{"line":540,"column":51},"end":{"line":540,"column":71}},"type":"binary-expr","locations":[{"start":{"line":540,"column":51},"end":{"line":540,"column":69}},{"start":{"line":540,"column":69},"end":{"line":540,"column":71}}],"line":540},"83":{"loc":{"start":{"line":541,"column":8},"end":{"line":552,"column":null}},"type":"if","locations":[{"start":{"line":541,"column":8},"end":{"line":552,"column":null}},{"start":{"line":550,"column":15},"end":{"line":552,"column":null}}],"line":541},"84":{"loc":{"start":{"line":586,"column":2},"end":{"line":586,"column":null}},"type":"default-arg","locations":[{"start":{"line":586,"column":24},"end":{"line":586,"column":null}}],"line":586},"85":{"loc":{"start":{"line":587,"column":2},"end":{"line":587,"column":null}},"type":"default-arg","locations":[{"start":{"line":587,"column":27},"end":{"line":587,"column":null}}],"line":587},"86":{"loc":{"start":{"line":588,"column":2},"end":{"line":588,"column":null}},"type":"default-arg","locations":[{"start":{"line":588,"column":38},"end":{"line":588,"column":null}}],"line":588},"87":{"loc":{"start":{"line":591,"column":58},"end":{"line":591,"column":83}},"type":"binary-expr","locations":[{"start":{"line":591,"column":58},"end":{"line":591,"column":79}},{"start":{"line":591,"column":79},"end":{"line":591,"column":83}}],"line":591},"88":{"loc":{"start":{"line":600,"column":4},"end":{"line":602,"column":null}},"type":"if","locations":[{"start":{"line":600,"column":4},"end":{"line":602,"column":null}},{"start":{},"end":{}}],"line":600},"89":{"loc":{"start":{"line":606,"column":4},"end":{"line":618,"column":null}},"type":"if","locations":[{"start":{"line":606,"column":4},"end":{"line":618,"column":null}},{"start":{},"end":{}}],"line":606},"90":{"loc":{"start":{"line":606,"column":8},"end":{"line":606,"column":77}},"type":"binary-expr","locations":[{"start":{"line":606,"column":8},"end":{"line":606,"column":28}},{"start":{"line":606,"column":28},"end":{"line":606,"column":77}}],"line":606},"91":{"loc":{"start":{"line":607,"column":6},"end":{"line":617,"column":null}},"type":"if","locations":[{"start":{"line":607,"column":6},"end":{"line":617,"column":null}},{"start":{"line":614,"column":13},"end":{"line":617,"column":null}}],"line":607},"92":{"loc":{"start":{"line":609,"column":8},"end":{"line":613,"column":null}},"type":"if","locations":[{"start":{"line":609,"column":8},"end":{"line":613,"column":null}},{"start":{"line":611,"column":15},"end":{"line":613,"column":null}}],"line":609},"93":{"loc":{"start":{"line":609,"column":12},"end":{"line":609,"column":40}},"type":"binary-expr","locations":[{"start":{"line":609,"column":12},"end":{"line":609,"column":18}},{"start":{"line":609,"column":18},"end":{"line":609,"column":40}}],"line":609},"94":{"loc":{"start":{"line":624,"column":4},"end":{"line":624,"column":null}},"type":"if","locations":[{"start":{"line":624,"column":4},"end":{"line":624,"column":null}},{"start":{},"end":{}}],"line":624},"95":{"loc":{"start":{"line":624,"column":8},"end":{"line":624,"column":82}},"type":"binary-expr","locations":[{"start":{"line":624,"column":8},"end":{"line":624,"column":37}},{"start":{"line":624,"column":37},"end":{"line":624,"column":63}},{"start":{"line":624,"column":63},"end":{"line":624,"column":82}}],"line":624},"96":{"loc":{"start":{"line":625,"column":4},"end":{"line":625,"column":null}},"type":"if","locations":[{"start":{"line":625,"column":4},"end":{"line":625,"column":null}},{"start":{},"end":{}}],"line":625},"97":{"loc":{"start":{"line":627,"column":21},"end":{"line":627,"column":null}},"type":"cond-expr","locations":[{"start":{"line":627,"column":34},"end":{"line":627,"column":59}},{"start":{"line":627,"column":59},"end":{"line":627,"column":null}}],"line":627},"98":{"loc":{"start":{"line":628,"column":4},"end":{"line":636,"column":null}},"type":"if","locations":[{"start":{"line":628,"column":4},"end":{"line":636,"column":null}},{"start":{},"end":{}}],"line":628},"99":{"loc":{"start":{"line":629,"column":6},"end":{"line":635,"column":null}},"type":"if","locations":[{"start":{"line":629,"column":6},"end":{"line":635,"column":null}},{"start":{"line":632,"column":13},"end":{"line":635,"column":null}}],"line":629},"100":{"loc":{"start":{"line":630,"column":8},"end":{"line":631,"column":null}},"type":"if","locations":[{"start":{"line":630,"column":8},"end":{"line":631,"column":null}},{"start":{"line":631,"column":13},"end":{"line":631,"column":null}}],"line":630},"101":{"loc":{"start":{"line":632,"column":13},"end":{"line":635,"column":null}},"type":"if","locations":[{"start":{"line":632,"column":13},"end":{"line":635,"column":null}},{"start":{},"end":{}}],"line":632},"102":{"loc":{"start":{"line":633,"column":8},"end":{"line":634,"column":null}},"type":"if","locations":[{"start":{"line":633,"column":8},"end":{"line":634,"column":null}},{"start":{"line":634,"column":13},"end":{"line":634,"column":null}}],"line":633},"103":{"loc":{"start":{"line":633,"column":52},"end":{"line":633,"column":null}},"type":"binary-expr","locations":[{"start":{"line":633,"column":52},"end":{"line":633,"column":70}},{"start":{"line":633,"column":70},"end":{"line":633,"column":null}}],"line":633},"104":{"loc":{"start":{"line":634,"column":32},"end":{"line":634,"column":null}},"type":"binary-expr","locations":[{"start":{"line":634,"column":32},"end":{"line":634,"column":50}},{"start":{"line":634,"column":50},"end":{"line":634,"column":null}}],"line":634},"105":{"loc":{"start":{"line":648,"column":19},"end":{"line":648,"column":null}},"type":"binary-expr","locations":[{"start":{"line":648,"column":19},"end":{"line":648,"column":37}},{"start":{"line":648,"column":37},"end":{"line":648,"column":null}}],"line":648},"106":{"loc":{"start":{"line":652,"column":4},"end":{"line":652,"column":null}},"type":"if","locations":[{"start":{"line":652,"column":4},"end":{"line":652,"column":null}},{"start":{},"end":{}}],"line":652},"107":{"loc":{"start":{"line":654,"column":4},"end":{"line":656,"column":null}},"type":"if","locations":[{"start":{"line":654,"column":4},"end":{"line":656,"column":null}},{"start":{},"end":{}}],"line":654},"108":{"loc":{"start":{"line":658,"column":4},"end":{"line":669,"column":null}},"type":"if","locations":[{"start":{"line":658,"column":4},"end":{"line":669,"column":null}},{"start":{},"end":{}}],"line":658},"109":{"loc":{"start":{"line":658,"column":8},"end":{"line":658,"column":97}},"type":"binary-expr","locations":[{"start":{"line":658,"column":8},"end":{"line":658,"column":34}},{"start":{"line":658,"column":34},"end":{"line":658,"column":70}},{"start":{"line":658,"column":70},"end":{"line":658,"column":97}}],"line":658},"110":{"loc":{"start":{"line":659,"column":57},"end":{"line":659,"column":79}},"type":"binary-expr","locations":[{"start":{"line":659,"column":57},"end":{"line":659,"column":77}},{"start":{"line":659,"column":77},"end":{"line":659,"column":79}}],"line":659},"111":{"loc":{"start":{"line":660,"column":6},
[...]
":172,"s:882:27:882:Infinity":388,"b:882:27:882:34:882:34:882:63:882:63:882:Infinity":173,"b:883:6:892:Infinity:undefined:undefined:undefined:undefined":174,"s:883:6:892:Infinity":389,"b:883:10:883:32:883:32:883:46":175,"b:884:8:891:Infinity:undefined:undefined:undefined:undefined":176,"s:884:8:891:Infinity":390,"b:884:12:884:26:884:26:884:49":177,"s:885:10:885:Infinity":391,"s:886:10:890:Infinity":392,"s:894:4:894:Infinity":393,"s:897:2:897:Infinity":394,"f:903:16:903:40":32,"b:904:2:906:Infinity:undefined:undefined:undefined:undefined":178,"s:904:2:906:Infinity":395,"b:904:6:904:36:904:36:904:64:904:64:904:77":179,"s:905:4:905:Infinity":396,"f:912:16:912:Infinity":33,"b:918:2:918:Infinity:undefined:undefined:undefined:undefined":180,"s:918:2:918:Infinity":397,"s:918:24:918:Infinity":398,"b:918:31:918:52:918:52:918:Infinity":181,"s:919:13:919:Infinity":399,"f:919:28:919:34":34,"s:919:40:919:98":400,"b:919:40:919:68:919:68:919:98":182,"b:920:2:925:Infinity:undefined:undefined:undefined:undefined":183,"s:920:2:925:Infinity":401,"b:921:4:923:Infinity:undefined:undefined:undefined:undefined":184,"s:921:4:923:Infinity":402,"b:921:8:921:29:921:29:921:73":185,"s:922:6:922:Infinity":403,"s:924:4:924:Infinity":404,"s:926:2:926:Infinity":405,"b:926:9:926:30:926:30:926:Infinity":186,"f:932:16:932:Infinity":35,"s:937:14:937:Infinity":406,"f:937:23:937:29":36,"s:937:35:937:87":407,"b:937:35:937:57:937:57:937:87":187,"b:938:2:940:Infinity:undefined:undefined:undefined:undefined":188,"s:938:2:940:Infinity":408,"s:939:4:939:Infinity":409,"b:941:2:943:Infinity:undefined:undefined:undefined:undefined":189,"s:941:2:943:Infinity":410,"s:942:4:942:Infinity":411,"f:956:16:956:Infinity":37,"s:964:2:1027:Infinity":412,"s:965:4:965:Infinity":413,"s:967:31:972:Infinity":414,"b:974:4:982:Infinity:undefined:undefined:undefined:undefined":190,"s:974:4:982:Infinity":415,"s:975:18:975:Infinity":416,"f:975:27:975:33":38,"s:975:39:975:100":417,"b:975:39:975:70:975:70:975:100":191,"b:976:6:978:Infinity:undefined:undefined:undefined:undefined":192,"s:976:6:978:Infinity":418,"s:977:8:977:Infinity":419,"b:979:6:981:Infinity:undefined:undefined:undefined:undefined":193,"s:979:6:981:Infinity":420,"s:980:8:980:Infinity":421,"b:984:4:999:Infinity:undefined:undefined:undefined:undefined":194,"s:984:4:999:Infinity":422,"s:985:18:989:Infinity":423,"f:985:29:985:Infinity":39,"s:986:9:988:Infinity":424,"b:987:11:987:39:987:39:987:Infinity:988:10:988:Infinity":195,"b:990:6:992:Infinity:undefined:undefined:undefined:undefined":196,"s:990:6:992:Infinity":425,"b:990:10:990:18:990:18:990:40":197,"s:991:8:991:Infinity":426,"b:993:6:998:Infinity:undefined:undefined:undefined:undefined":198,"s:993:6:998:Infinity":427,"s:994:20:994:Infinity":428,"f:994:39:994:45":40,"s:994:51:994:75":429,"b:995:8:997:Infinity:undefined:undefined:undefined:undefined":199,"s:995:8:997:Infinity":430,"b:995:12:995:19:995:19:995:41":200,"s:996:10:996:Infinity":431,"s:1001:28:1008:Infinity":432,"s:1010:4:1019:Infinity":433,"b:1013:24:1013:43:1013:43:1013:Infinity":201,"b:1015:20:1015:42:1015:42:1015:Infinity":202,"s:1021:4:1021:Infinity":434,"s:1023:4:1026:Infinity":435,"b:1025:14:1025:30:1025:30:1025:Infinity":203,"f:1033:16:1033:Infinity":41,"s:1039:15:1039:Infinity":436,"b:1040:2:1042:Infinity:undefined:undefined:undefined:undefined":204,"s:1040:2:1042:Infinity":437,"s:1041:4:1041:Infinity":438,"b:1043:2:1048:Infinity:undefined:undefined:undefined:undefined":205,"s:1043:2:1048:Infinity":439,"b:1044:4:1046:Infinity:undefined:undefined:undefined:undefined":206,"s:1044:4:1046:Infinity":440,"s:1045:6:1045:Infinity":441,"s:1047:4:1047:Infinity":442,"s:1050:16:1050:Infinity":443,"s:1051:20:1051:Infinity":444,"s:1054:4:1062:Infinity":445,"b:1055:8:1055:Infinity:1056:8:1062:Infinity":207,"b:1057:8:1057:Infinity:1058:8:1062:Infinity":208,"b:1059:8:1059:Infinity:1060:8:1062:Infinity":209,"b:1061:8:1061:Infinity:1062:8:1062:Infinity":210,"s:1064:19:1064:Infinity":446,"s:1065:20:1065:Infinity":447,"s:1066:2:1069:Infinity":448,"s:1067:4:1067:Infinity":449,"s:1068:4:1068:Infinity":450,"s:1071:18:1071:Infinity":451,"s:1072:18:1072:Infinity":452,"s:1074:2:1074:Infinity":453,"f:1080:16:1080:Infinity":42,"b:1085:26:1085:Infinity":211,"b:1087:2:1087:Infinity:undefined:undefined:undefined:undefined":212,"s:1087:2:1087:Infinity":454,"s:1087:46:1087:Infinity":455,"b:1088:2:1094:Infinity:undefined:undefined:undefined:undefined":213,"s:1088:2:1094:Infinity":456,"b:1088:6:1088:32:1088:32:1088:48:1088:48:1088:66":214,"s:1089:19:1089:Infinity":457,"s:1090:19:1090:Infinity":458,"s:1091:21:1091:Infinity":459,"s:1092:19:1092:Infinity":460,"s:1093:4:1093:Infinity":461,"s:1095:13:1095:Infinity":462,"s:1096:14:1096:Infinity":463,"s:1097:2:1100:Infinity":464,"b:1097:9:1097:33:1097:33:1097:47":215,"s:1098:4:1098:Infinity":465,"s:1099:4:1099:Infinity":466,"s:1101:2:1101:Infinity":467,"f:1107:16:1107:Infinity":43,"s:1112:17:1116:Infinity":468,"f:1112:28:1112:Infinity":44,"s:1113:5:1115:Infinity":469,"b:1114:7:1114:30:1114:30:1114:Infinity:1115:6:1115:Infinity":216,"b:1117:2:1117:Infinity:undefined:undefined:undefined:undefined":217,"s:1117:2:1117:Infinity":470,"s:1117:15:1117:Infinity":471,"b:1118:2:1118:Infinity:undefined:undefined:undefined:undefined":218,"s:1118:2:1118:Infinity":472,"s:1118:31:1118:Infinity":473,"b:1119:2:1122:Infinity:undefined:undefined:undefined:undefined":219,"s:1119:2:1122:Infinity":474,"s:1120:16:1120:Infinity":475,"f:1120:38:1120:44":45,"s:1120:50:1120:69":476,"b:1121:4:1121:Infinity:undefined:undefined:undefined:undefined":220,"s:1121:4:1121:Infinity":477,"b:1121:8:1121:15:1121:15:1121:37":221,"s:1121:37:1121:Infinity":478,"f:1128:16:1128:Infinity":46,"b:1133:2:1137:Infinity:undefined:undefined:undefined:undefined":222,"s:1133:2:1137:Infinity":479,"s:1134:14:1134:Infinity":480,"f:1134:23:1134:29":47,"s:1134:37:1134:93":481,"b:1134:37:1134:61:1134:61:1134:93":223,"b:1135:4:1135:Infinity:undefined:undefined:undefined:undefined":224,"s:1135:4:1135:Infinity":482,"s:1135:12:1135:Infinity":483,"b:1136:4:1136:Infinity:undefined:undefined:undefined:undefined":225,"s:1136:4:1136:Infinity":484,"s:1136:28:1136:Infinity":485,"f:1164:16:1164:Infinity":48,"s:1178:6:1178:Infinity":486,"b:1176:4:1176:Infinity":226,"f:1176:4:1176:18":49,"s:1176:37:1176:Infinity":487,"b:1177:13:1177:Infinity":227,"s:1180:21:1180:Infinity":488,"s:1181:25:1181:Infinity":489,"s:1182:41:1182:Infinity":490,"s:1183:19:1183:Infinity":491,"s:1185:23:1187:Infinity":492,"f:1186:17:1186:22":50,"s:1186:28:1186:87":493,"b:1186:31:1186:61:1186:61:1186:64":228,"s:1189:8:1239:Infinity":494,"f:1189:8:1189:Infinity":51,"s:1197:24:1199:Infinity":495,"f:1197:37:1197:Infinity":52,"s:1198:13:1198:Infinity":496,"b:1198:13:1198:44:1198:44:1198:78:1198:78:1198:Infinity":229,"b:1201:4:1238:Infinity:1218:11:1238:Infinity":230,"s:1201:4:1238:Infinity":497,"s:1202:16:1202:Infinity":498,"s:1203:23:1203:Infinity":499,"s:1204:22:1204:Infinity":500,"b:1204:22:1204:39:1204:39:1204:Infinity":231,"s:1205:24:1205:Infinity":501,"b:1205:24:1205:47:1205:47:1205:Infinity":232,"s:1206:6:1215:Infinity":502,"f:1206:34:1206:39":53,"s:1207:8:1214:Infinity":503,"b:1208:12:1213:Infinity:1214:12:1214:Infinity":233,"b:1211:34:1211:43:1211:43:1211:Infinity":234,"b:1211:57:1211:76:1211:76:1211:Infinity":235,"b:1212:35:1212:51:1212:51:1212:Infinity":236,"s:1216:6:1216:Infinity":504,"s:1217:6:1217:Infinity":505,"s:1219:27:1219:Infinity":506,"s:1220:6:1235:Infinity":507,"s:1236:6:1236:Infinity":508,"s:1237:6:1237:Infinity":509,"s:1242:2:1248:Infinity":510,"f:1242:38:1242:43":54,"b:1243:4:1246:Infinity:undefined:undefined:undefined:undefined":237,"s:1243:4:1246:Infinity":511,"b:1243:8:1243:20:1243:20:1243:34:1243:34:1243:66":238,"s:1244:6:1244:Infinity":512,"s:1245:6:1245:Infinity":513,"s:1247:4:1247:Infinity":514,"s:1250:2:1350:Infinity":515,"b:1251:4:1251:Infinity:undefined:undefined:undefined:undefined":239,"s:1251:4:1251:Infinity":516,"b:1251:8:1251:23:1251:23:1251:43:1251:43:1251:75":240,"s:1251:75:1251:Infinity":517,"s:1253:25:1253:Infinity":518,"s:1254:21:1254:Infinity":519,"s:1255:27:1255:Infinity":520,"s:1257:23:1264:Infinity":521,"b:1266:4:1273:Infinity:undefined:undefined:undefined:undefined":241,"s:1266:4:1273:Infinity":522,"s:1267:6:1267:Infinity":523,"s:1268:6:1268:Infinity":524,"s:1269:6:1271:Infinity":525,"f:1269:42:1269:47":55,"s:1270:8:1270:Infinity":526,"b:1270:26:1270:89:1270:89:1270:Infinity":242,"s:1272:6:1272:Infinity":527,"s:1275:28:1275:Infinity":528,"b:1275:28:1275:58:1275:58:1275:Infinity":243,"s:1276:31:1276:Infinity":529,"b:1276:31:1276:64:1276:64:1276:Infinity":244,"s:1278:4:1336:Infinity":530,"b:1279:6:1279:Infinity:1280:7:1280:24:1280:24:1280:Infinity:1281:6:1281:Infinity":245,"s:1283:6:1283:Infinity":531,"s:1284:22:1284:Infinity":532,"b:1286:6:1327:Infinity:undefined:undefined:undefined:undefined":246,"s:1286:6:1327:Infinity":533,"s:1287:36:1287:Infinity":534,"s:1288:32:1288:Infinity":535,"b:1290:8:1304:Infinity:undefined:undefined:undefined:undefined":247,"s:1290:8:1304:Infinity":536,"s:1291:23:1291:Infinity":537,"f:1291:35:1291:41":56,"s:1291:47:1291:110":538,"b:1291:47:1291:75:1291:75:1291:110":248,"b:1292:10:1303:Infinity:undefined:undefined:undefined:undefined":249,"s:1292:10:1303:Infinity":539,"s:1293:30:1293:Infinity":540,"s:1294:12:1301:Infinity":541,"s:1302:12:1302:Infinity":542,"s:1306:35:1323:Infinity":543,"b:1312:26:1312:45:1312:45:1312:Infinity":250,"b:1313:31:1313:41:1313:41:1313:Infinity":251,"s:1324:8:1324:Infinity":544,"s:1325:8:1325:Infinity":545,"s:1326:8:1326:Infinity":546,"s:1329:23:1329:Infinity":547,"b:1330:6:1334:Infinity:undefined:undefined:undefined:undefined":252,"s:1330:6:1334:Infinity":548,"b:1330:10:1330:26:1330:26:1330:51":253,"s:1331:8:1331:Infinity":549,"s:1332:8:1332:Infinity":550,"s:1333:8:1333:Infinity":551,"s:1335:6:1335:Infinity":552,"b:1338:4:1349:Infinity:undefined:undefined:undefined:undefined":254,"s:1338:4:1349:Infinity":553,"b:1338:8:1338:50:1338:50:1338:68":255,"s:1339:6:1339:Infinity":554,"s:1340:6:1348:Infinity":555,"f:1340:42:1340:47":57,"s:1341:8:1347:Infinity":556,"b:1342:12:1346:Infinity:1347:12:1347:Infinity":256,"b:1345:41:1345:49:1345:49:1345:Infinity":257,"s:1352:2:1357:Infinity":557},"fnNames":{}}}
,"C:\\Users\\rodri\\.gemini\\antigravity\\scratch\\fincontrol-app\\src\\lib\\utils.ts": {"path":"C:\\Users\\rodri\\.gemini\\antigravity\\scratch\\fincontrol-app\\src\\lib\\utils.ts","statementMap":{"0":{"start":{"line":7,"column":2},"end":{"line":7,"column":null}},"1":{"start":{"line":11,"column":14},"end":{"line":11,"column":null}},"2":{"start":{"line":12,"column":2},"end":{"line":15,"column":null}},"3":{"start":{"line":19,"column":2},"end":{"line":19,"column":null}},"4":{"start":{"line":19,"column":19},"end":{"line":19,"column":null}},"5":{"start":{"line":20,"column":2},"end":{"line":30,"column":null}},"6":{"start":{"line":21,"column":19},"end":{"line":21,"column":null}},"7":{"start":{"line":22,"column":4},"end":{"line":26,"column":null}},"8":{"start":{"line":23,"column":16},"end":{"line":23,"column":null}},"9":{"start":{"line":24,"column":6},"end":{"line":24,"column":null}},"10":{"start":{"line":24,"column":23},"end":{"line":24,"column":null}},"11":{"start":{"line":25,"column":6},"end":{"line":25,"column":null}},"12":{"start":{"line":27,"column":4},"end":{"line":27,"column":null}},"13":{"start":{"line":29,"column":4},"end":{"line":29,"column":null}},"14":{"start":{"line":34,"column":2},"end":{"line":34,"column":null}},"15":{"start":{"line":34,"column":19},"end":{"line":34,"column":null}},"16":{"start":{"line":35,"column":2},"end":{"line":47,"column":null}},"17":{"start":{"line":36,"column":4},"end":{"line":41,"column":null}},"18":{"start":{"line":37,"column":28},"end":{"line":37,"column":null}},"19":{"start":{"line":38,"column":16},"end":{"line":38,"column":null}},"20":{"start":{"line":39,"column":18},"end":{"line":39,"column":null}},"21":{"start":{"line":40,"column":6},"end":{"line":40,"column":null}},"22":{"start":{"line":42,"column":14},"end":{"line":42,"column":null}},"23":{"start":{"line":43,"column":16},"end":{"line":43,"column":null}},"24":{"start":{"line":44,"column":4},"end":{"line":44,"column":null}},"25":{"start":{"line":46,"column":4},"end":{"line":46,"column":null}},"26":{"start":{"line":51,"column":2},"end":{"line":68,"column":null}},"27":{"start":{"line":53,"column":6},"end":{"line":53,"column":null}},"28":{"start":{"line":55,"column":6},"end":{"line":55,"column":null}},"29":{"start":{"line":57,"column":6},"end":{"line":57,"column":null}},"30":{"start":{"line":59,"column":6},"end":{"line":59,"column":null}},"31":{"start":{"line":61,"column":6},"end":{"line":61,"column":null}},"32":{"start":{"line":63,"column":6},"end":{"line":63,"column":null}},"33":{"start":{"line":65,"column":6},"end":{"line":65,"column":null}},"34":{"start":{"line":67,"column":6},"end":{"line":67,"column":null}},"35":{"start":{"line":76,"column":2},"end":{"line":76,"column":null}},"36":{"start":{"line":76,"column":31},"end":{"line":76,"column":null}},"37":{"start":{"line":77,"column":12},"end":{"line":77,"column":null}},"38":{"start":{"line":78,"column":2},"end":{"line":80,"column":null}},"39":{"start":{"line":79,"column":4},"end":{"line":79,"column":null}},"40":{"start":{"line":81,"column":2},"end":{"line":81,"column":null}}},"fnMap":{"0":{"name":"cn","decl":{"start":{"line":6,"column":16},"end":{"line":6,"column":19}},"loc":{"start":{"line":6,"column":44},"end":{"line":8,"column":null}},"line":6},"1":{"name":"formatCurrency","decl":{"start":{"line":10,"column":16},"end":{"line":10,"column":31}},"loc":{"start":{"line":10,"column":99},"end":{"line":16,"column":null}},"line":10},"2":{"name":"formatDate","decl":{"start":{"line":18,"column":16},"end":{"line":18,"column":27}},"loc":{"start":{"line":18,"column":108},"end":{"line":31,"column":null}},"line":18},"3":{"name":"formatMonthYear","decl":{"start":{"line":33,"column":16},"end":{"line":33,"column":32}},"loc":{"start":{"line":33,"column":79},"end":{"line":48,"column":null}},"line":33},"4":{"name":"getStatusBadge","decl":{"start":{"line":50,"column":16},"end":{"line":50,"column":31}},"loc":{"start":{"line":50,"column":47},"end":{"line":69,"column":null}},"line":50},"5":{"name":"sanitizeCsvCell","decl":{"start":{"line":75,"column":16},"end":{"line":75,"column":32}},"loc":{"start":{"line":75,"column":81},"end":{"line":82,"column":null}},"line":75}},"branchMap":{"0":{"loc":{"start":{"line":10,"column":65},"end":{"line":10,"column":99}},"type":"default-arg","locations":[{"start":{"line":10,"column":84},"end":{"line":10,"column":99}}],"line":10},"1":{"loc":{"start":{"line":11,"column":14},"end":{"line":11,"column":null}},"type":"cond-expr","locations":[{"start":{"line":11,"column":70},"end":{"line":11,"column":74}},{"start":{"line":11,"column":74},"end":{"line":11,"column":null}}],"line":11},"2":{"loc":{"start":{"line":11,"column":14},"end":{"line":11,"column":70}},"type":"binary-expr","locations":[{"start":{"line":11,"column":14},"end":{"line":11,"column":37}},{"start":{"line":11,"column":37},"end":{"line":11,"column":55}},{"start":{"line":11,"column":55},"end":{"line":11,"column":70}}],"line":11},"3":{"loc":{"start":{"line":18,"column":66},"end":{"line":18,"column":108}},"type":"default-arg","locations":[{"start":{"line":18,"column":86},"end":{"line":18,"column":108}}],"line":18},"4":{"loc":{"start":{"line":19,"column":2},"end":{"line":19,"column":null}},"type":"if","locations":[{"start":{"line":19,"column":2},"end":{"line":19,"column":null}},{"start":{},"end":{}}],"line":19},"5":{"loc":{"start":{"line":22,"column":4},"end":{"line":26,"column":null}},"type":"if","locations":[{"start":{"line":22,"column":4},"end":{"line":26,"column":null}},{"start":{},"end":{}}],"line":22},"6":{"loc":{"start":{"line":24,"column":6},"end":{"line":24,"column":null}},"type":"if","locations":[{"start":{"line":24,"column":6},"end":{"line":24,"column":null}},{"start":{},"end":{}}],"line":24},"7":{"loc":{"start":{"line":34,"column":2},"end":{"line":34,"column":null}},"type":"if","locations":[{"start":{"line":34,"column":2},"end":{"line":34,"column":null}},{"start":{},"end":{}}],"line":34},"8":{"loc":{"start":{"line":36,"column":4},"end":{"line":41,"column":null}},"type":"if","locations":[{"start":{"line":36,"column":4},"end":{"line":41,"column":null}},{"start":{},"end":{}}],"line":36},"9":{"loc":{"start":{"line":51,"column":2},"end":{"line":68,"column":null}},"type":"switch","locations":[{"start":{"line":52,"column":4},"end":{"line":53,"column":null}},{"start":{"line":54,"column":4},"end":{"line":55,"column":null}},{"start":{"line":56,"column":4},"end":{"line":57,"column":null}},{"start":{"line":58,"column":4},"end":{"line":59,"column":null}},{"start":{"line":60,"column":4},"end":{"line":61,"column":null}},{"start":{"line":62,"column":4},"end":{"line":63,"column":null}},{"start":{"line":64,"column":4},"end":{"line":65,"column":null}},{"start":{"line":66,"column":4},"end":{"line":67,"column":null}}],"line":51},"10":{"loc":{"start":{"line":76,"column":2},"end":{"line":76,"column":null}},"type":"if","locations":[{"start":{"line":76,"column":2},"end":{"line":76,"column":null}},{"start":{},"end":{}}],"line":76},"11":{"loc":{"start":{"line":77,"column":19},"end":{"line":77,"column":28}},"type":"binary-expr","locations":[{"start":{"line":77,"column":19},"end":{"line":77,"column":26}},{"start":{"line":77,"column":26},"end":{"line":77,"column":28}}],"line":77},"12":{"loc":{"start":{"line":78,"column":2},"end":{"line":80,"column":null}},"type":"if","locations":[{"start":{"line":78,"column":2},"end":{"line":80,"column":null}},{"start":{},"end":{}}],"line":78}},"s":{"0":3,"1":9,"2":9,"3":7,"4":3,"5":4,"6":4,"7":4,"8":2,"9":2,"10":1,"11":1,"12":2,"13":0,"14":5,"15":3,"16":2,"17":2,"18":1,"19":1,"20":1,"21":1,"22":1,"23":1,"24":1,"25":0,"26":8,"27":1,"28":1,"29":1,"30":1,"31":1,"32":1,"33":1,"34":1,"35":19,"36":4,"37":15,"38":19,"39":8,"40":15},"f":{"0":3,"1":9,"2":7,"3":5,"4":8,"5":19},"b":{"0":[9],"1":[5,4],"2":[9,8,5],"3":[7],"4":[3,4],"5":[2,2],"6":[1,1],"7":[3,2],"8":[1,1],"9":[1,1,1,1,1,1,1,1],"10":[4,15],"11":[15,3],"12":[8,11]},"meta":{"lastBranch":13,"lastFunction":6,"lastStatement":41,"seen":{"f:6:16:6:19":0,"s:7:2:7:Infinity":0,"f:10:16:10:31":1,"b:10:84:10:99":0,"s:11:14:11:Infinity":1,"b:11:70:11:74:11:74:11:Infinity":1,"b:11:14:11:37:11:37:11:55:11:55:11:70":2,"s:12:2:15:Infinity":2,"f:18:16:18:27":2,"b:18:86:18:108":3,"b:19:2:19:Infinity:undefined:undefined:undefined:undefined":4,"s:19:2:19:Infinity":3,"s:19:19:19:Infinity":4,"s:20:2:30:Infinity":5,"s:21:19:21:Infinity":6,"b:22:4:26:Infinity:undefined:undefined:undefined:undefined":5,"s:22:4:26:Infinity":7,"s:23:16:23:Infinity":8,"b:24:6:24:Infinity:undefined:undefined:undefined:undefined":6,"s:24:6:24:Infinity":9,"s:24:23:24:Infinity":10,"s:25:6:25:Infinity":11,"s:27:4:27:Infinity":12,"s:29:4:29:Infinity":13,"f:33:16:33:32":3,"b:34:2:34:Infinity:undefined:undefined:undefined:undefined":7,"s:34:2:34:Infinity":14,"s:34:19:34:Infinity":15,"s:35:2:47:Infinity":16,"b:36:4:41:Infinity:undefined:undefined:undefined:undefined":8,"s:36:4:41:Infinity":17,"s:37:28:37:Infinity":18,"s:38:16:38:Infinity":19,"s:39:18:39:Infinity":20,"s:40:6:40:Infinity":21,"s:42:14:42:Infinity":22,"s:43:16:43:Infinity":23,"s:44:4:44:Infinity":24,"s:46:4:46:Infinity":25,"f:50:16:50:31":4,"b:52:4:53:Infinity:54:4:55:Infinity:56:4:57:Infinity:58:4:59:Infinity:60:4:61:Infinity:62:4:63:Infinity:64:4:65:Infinity:66:4:67:Infinity":9,"s:51:2:68:Infinity":26,"s:53:6:53:Infinity":27,"s:55:6:55:Infinity":28,"s:57:6:57:Infinity":29,"s:59:6:59:Infinity":30,"s:61:6:61:Infinity":31,"s:63:6:63:Infinity":32,"s:65:6:65:Infinity":33,"s:67:6:67:Infinity":34,"f:75:16:75:32":5,"b:76:2:76:Infinity:undefined:undefined:undefined:undefined":10,"s:76:2:76:Infinity":35,"s:76:31:76:Infinity":36,"s:77:12:77:Infinity":37,"b:77:19:77:26:77:26:77:28":11,"b:78:2:80:Infinity:undefined:undefined:undefined:undefined":12,"s:78:2:80:Infinity":38,"s:79:4:79:Infinity":39,"s:81:2:81:Infinity":40},"fnNames":{}}}
}
